[2026-03-01 13:17:26] â•â•â•â•â•â•â•â•â•â•â•â•â•â•â•â•â•â•â•â•â•â•â•â•â•â•â•â•â•â•â•â•â•â•â•â•â•â•â•â•â•â•â•â•â•â•â•â•â•â•â•â•â•â•â•â•â•â•â•â•â•â•â•â•â•â•â•
[2026-03-01 13:17:26] Starting activation sequence at 2026-03-01 13:17:26 UTC
[2026-03-01 13:17:26] â•â•â•â•â•â•â•â•â•â•â•â•â•â•â•â•â•â•â•â•â•â•â•â•â•â•â•â•â•â•â•â•â•â•â•â•â•â•â•â•â•â•â•â•â•â•â•â•â•â•â•â•â•â•â•â•â•â•â•â•â•â•â•â•â•â•â•
[0;36mâ”â”â”â”â”â”â”â”â”â”â”â”â”â”â”â”â”â”â”â”â”â”â”â”â”â”â”â”â”â”â”â”â”â”â”â”â”â”â”â”â”â”â”â”â”â”â”â”â”â”â”â”â”â”â”â”â”â”â”â”â”â”â”â”[0m
[0;36mPHASE 1: PRE-FLIGHT VERIFICATION[0m
[0;36mâ”â”â”â”â”â”â”â”â”â”â”â”â”â”â”â”â”â”â”â”â”â”â”â”â”â”â”â”â”â”â”â”â”â”â”â”â”â”â”â”â”â”â”â”â”â”â”â”â”â”â”â”â”â”â”â”â”â”â”â”â”â”â”â”[0m
[2026-03-01 13:17:26] Step 1.1: Verifying GCP Authentication
[0;32mâœ… Authenticated as: matthewburbidge@fractal5solutions.com[0m
[2026-03-01 13:17:27] Step 1.2: Checking GitHub Token
[0;34mâ„¹ï¸  Token prefix: ghu_7ESKiW...[0m
[1;33mâš ï¸  Git push capability: LIMITED (integration token)[0m
[2026-03-01 13:17:27] Step 1.3: Verifying network connectivity
[0;32mâœ… Internet connectivity verified[0m
[2026-03-01 13:17:27] Step 1.4: Checking required tools
[0;32mâœ… gcloud: Available[0m
[0;32mâœ… git: Available[0m
[0;32mâœ… jq: Available[0m
[0;32mâœ… curl: Available[0m
[0;36mâ”â”â”â”â”â”â”â”â”â”â”â”â”â”â”â”â”â”â”â”â”â”â”â”â”â”â”â”â”â”â”â”â”â”â”â”â”â”â”â”â”â”â”â”â”â”â”â”â”â”â”â”â”â”â”â”â”â”â”â”â”â”â”â”[0m
[0;36mPHASE 2: INFRASTRUCTURE ACTIVATION & HEALTH CHECK[0m
[0;36mâ”â”â”â”â”â”â”â”â”â”â”â”â”â”â”â”â”â”â”â”â”â”â”â”â”â”â”â”â”â”â”â”â”â”â”â”â”â”â”â”â”â”â”â”â”â”â”â”â”â”â”â”â”â”â”â”â”â”â”â”â”â”â”â”[0m
[2026-03-01 13:17:27] Step 2.1: Scanning dominion-os-1-0-main (dominion-os-1-0-main)
[1;33mâš ï¸  No services found in dominion-os-1-0-main[0m
[2026-03-01 13:17:29] Step 2.2: Scanning dominion-core-prod (dominion-core-prod)
[1;33mâš ï¸  No services found in dominion-core-prod[0m
[0;36mâ”â”â”â”â”â”â”â”â”â”â”â”â”â”â”â”â”â”â”â”â”â”â”â”â”â”â”â”â”â”â”â”â”â”â”â”â”â”â”â”â”â”â”â”â”â”â”â”â”â”â”â”â”â”â”â”â”â”â”â”â”â”â”â”[0m
[0;36mPHASE 3: SERVICE COMPONENT VALIDATION[0m
[0;36mâ”â”â”â”â”â”â”â”â”â”â”â”â”â”â”â”â”â”â”â”â”â”â”â”â”â”â”â”â”â”â”â”â”â”â”â”â”â”â”â”â”â”â”â”â”â”â”â”â”â”â”â”â”â”â”â”â”â”â”â”â”â”â”â”[0m
[2026-03-01 13:17:31] Step 3.1: Validating AI Gateways
[1;33mâš ï¸  No AI Gateways found[0m
[2026-03-01 13:17:33] Step 3.2: Validating PHI User Interfaces
[1;33mâš ï¸  No PHI UIs found[0m
[2026-03-01 13:17:34] Step 3.3: Validating Core APIs
[1;33mâš ï¸  No Core APIs found[0m
[0;36mâ”â”â”â”â”â”â”â”â”â”â”â”â”â”â”â”â”â”â”â”â”â”â”â”â”â”â”â”â”â”â”â”â”â”â”â”â”â”â”â”â”â”â”â”â”â”â”â”â”â”â”â”â”â”â”â”â”â”â”â”â”â”â”â”[0m
[0;36mPHASE 4: MONITORING & SLO VALIDATION[0m
[0;36mâ”â”â”â”â”â”â”â”â”â”â”â”â”â”â”â”â”â”â”â”â”â”â”â”â”â”â”â”â”â”â”â”â”â”â”â”â”â”â”â”â”â”â”â”â”â”â”â”â”â”â”â”â”â”â”â”â”â”â”â”â”â”â”â”[0m
[2026-03-01 13:17:36] Step 4.1: Checking Cloud Monitoring configuration
[0;34mâ„¹ï¸  No uptime checks found - consider running setup_monitoring.sh[0m
[2026-03-01 13:17:38] Step 4.2: Checking SLO definitions
[0;34mâ„¹ï¸  SLO configuration script not found[0m
[2026-03-01 13:17:38] Step 4.3: Running SLO compliance check
[0;34mâ„¹ï¸  SLO monitoring script not found[0m
[0;36mâ”â”â”â”â”â”â”â”â”â”â”â”â”â”â”â”â”â”â”â”â”â”â”â”â”â”â”â”â”â”â”â”â”â”â”â”â”â”â”â”â”â”â”â”â”â”â”â”â”â”â”â”â”â”â”â”â”â”â”â”â”â”â”â”[0m
[0;36mPHASE 5: REPOSITORY SYNCHRONIZATION[0m
[0;36mâ”â”â”â”â”â”â”â”â”â”â”â”â”â”â”â”â”â”â”â”â”â”â”â”â”â”â”â”â”â”â”â”â”â”â”â”â”â”â”â”â”â”â”â”â”â”â”â”â”â”â”â”â”â”â”â”â”â”â”â”â”â”â”â”[0m
[2026-03-01 13:17:38] Step 5.1: Checking repository status
