[2026-03-07 02:41:35] =========================================
[2026-03-07 02:41:35] PHI BACKGROUND AI COMPLETION MONITOR
[2026-03-07 02:41:35] =========================================
[2026-03-07 02:41:35] Started: Sat Mar  7 02:41:35 UTC 2026
[2026-03-07 02:41:35] Check interval: 300 seconds
[2026-03-07 02:41:35] Max runtime: 86400 seconds
[2026-03-07 02:41:35] =========================================
[2026-03-07 02:41:36] ✅ Resources adequate (CPU: 70%, Memory: 36672MB)
[2026-03-07 02:41:36] ⚠️  Autonomous process stopped but no completion report found
[2026-03-07 02:41:36] Sovereignty monitoring not active
[2026-03-07 02:41:36] 📊 Status report updated
[2026-03-07 02:41:36] Next check in 300 seconds...
[2026-03-07 02:46:36] ✅ Resources adequate (CPU: 86%, Memory: 37426MB)
[2026-03-07 02:46:36] Autonomous overnight process still running (PID: 2033202)
[2026-03-07 02:46:36] Sovereignty monitoring not active
[2026-03-07 02:46:36] Next check in 300 seconds...
[2026-03-07 02:51:36] ✅ Resources adequate (CPU: 57%, Memory: 36725MB)
[2026-03-07 02:51:36] Autonomous overnight process still running (PID: 2033202)
[2026-03-07 02:51:36] Sovereignty monitoring not active
[2026-03-07 02:51:36] Next check in 300 seconds...
[2026-03-07 02:56:37] ✅ Resources adequate (CPU: 75%, Memory: 34543MB)
[2026-03-07 02:56:37] Autonomous overnight process still running (PID: 2033202)
[2026-03-07 02:56:37] Sovereignty monitoring not active
[2026-03-07 02:56:37] Next check in 300 seconds...
