[2026-03-02 21:04:23] =========================================
[0;34m[BG-MONITOR][0m =========================================
[2026-03-02 21:04:23] PHI BACKGROUND AI COMPLETION MONITOR
[0;34m[BG-MONITOR][0m PHI BACKGROUND AI COMPLETION MONITOR
[2026-03-02 21:04:23] =========================================
[0;34m[BG-MONITOR][0m =========================================
[2026-03-02 21:04:23] Started: Mon Mar  2 21:04:23 UTC 2026
[0;34m[BG-MONITOR][0m Started: Mon Mar  2 21:04:23 UTC 2026
[2026-03-02 21:04:23] Check interval: 300 seconds
[0;34m[BG-MONITOR][0m Check interval: 300 seconds
[2026-03-02 21:04:23] Max runtime: 86400 seconds
[0;34m[BG-MONITOR][0m Max runtime: 86400 seconds
[2026-03-02 21:04:23] =========================================
[0;34m[BG-MONITOR][0m =========================================
[2026-03-02 21:04:23] ✅ Resources adequate (CPU: 96%, Memory: 55153MB)
[0;34m[BG-MONITOR][0m ✅ Resources adequate (CPU: 96%, Memory: 55153MB)
[2026-03-02 21:04:23] Autonomous overnight process still running (PID: 118206)
[0;34m[BG-MONITOR][0m Autonomous overnight process still running (PID: 118206)
[2026-03-02 21:04:23] Sovereignty monitoring in progress (waiting for sync)
[0;34m[BG-MONITOR][0m Sovereignty monitoring in progress (waiting for sync)
[2026-03-02 21:04:24] 📊 Status report updated
[0;34m[BG-MONITOR][0m 📊 Status report updated
[2026-03-02 21:04:24] Next check in 300 seconds...
[0;34m[BG-MONITOR][0m Next check in 300 seconds...
[2026-03-02 21:09:24] ✅ Resources adequate (CPU: 91%, Memory: 55012MB)
[0;34m[BG-MONITOR][0m ✅ Resources adequate (CPU: 91%, Memory: 55012MB)
[2026-03-02 21:09:24] Autonomous overnight process still running (PID: 118206)
[0;34m[BG-MONITOR][0m Autonomous overnight process still running (PID: 118206)
[2026-03-02 21:09:24] Sovereignty monitoring in progress (waiting for sync)
[0;34m[BG-MONITOR][0m Sovereignty monitoring in progress (waiting for sync)
[2026-03-02 21:09:24] Next check in 300 seconds...
[0;34m[BG-MONITOR][0m Next check in 300 seconds...
