[0;32m[PHI][0m 🌐 PHI GitHub Cost Minimization Engine - Starting...
[0;32m[PHI][0m Target: 70-85% reduction in GitHub costs
[0;32m[PHI][0m 
[0;32m[PHI][0m Phase 1: Optimizing GitHub Actions Workflows...
[0;34m[INFO][0m Creating workflow optimization patches...
[0;34m[INFO][0m Workflow optimization template created
[0;32m[PHI][0m Phase 2: Cleaning Up Old Artifacts...
[1;33m[WARN][0m Not authenticated with GitHub CLI. Run: gh auth login
[1;33m[WARN][0m Skipping artifact cleanup
[0;32m[PHI][0m Phase 3: Cleaning Up Old Workflow Runs...
[1;33m[WARN][0m Not authenticated, skipping workflow run cleanup
[0;32m[PHI][0m Phase 4: Optimizing Docker Builds for GitHub Actions...
[0;32m[PHI][0m Docker build optimizations created
[0;32m[PHI][0m Phase 5: Analyzing Self-Hosted Runner Benefits...
[0;32m[PHI][0m Phase 6: Creating Optimized Production Deployment Workflow...
[0;32m[PHI][0m Optimized production workflow created
[0;32m[PHI][0m Phase 7: Setting Up GitHub Cost Monitoring...
[0;32m[PHI][0m Cost monitoring script created: monitor_github_costs.sh
[0;32m[PHI][0m Phase 8: Generating Cost Optimization Report...
[0;32m[PHI][0m Report generated: /workspaces/dominion-os-demo-build/scripts/GITHUB_COST_OPTIMIZATION_REPORT.md
[0;32m[PHI][0m 
[0;32m[PHI][0m ✅ GitHub Cost Optimization Complete!
[0;32m[PHI][0m 
[0;32m[PHI][0m 📊 Reports generated:
[0;32m[PHI][0m    - Full report: /workspaces/dominion-os-demo-build/scripts/GITHUB_COST_OPTIMIZATION_REPORT.md
[0;32m[PHI][0m    - Detailed log: /workspaces/dominion-os-demo-build/scripts/telemetry/github_cost_optimization_20260306_183402.log
[0;32m[PHI][0m 
[0;32m[PHI][0m 🎯 Expected savings: 70-85% reduction in GitHub Actions costs
[0;32m[PHI][0m 💰 Estimated monthly savings: $150-400 (depending on usage)
[0;32m[PHI][0m 
[0;32m[PHI][0m Next steps:
[0;32m[PHI][0m   1. Review optimized workflows in .github/workflows/
[0;32m[PHI][0m   2. Test with: git checkout -b optimize-github-costs
[0;32m[PHI][0m   3. Create PR to merge optimizations
[0;32m[PHI][0m   4. Monitor with: bash scripts/monitor_github_costs.sh
[0;32m[PHI][0m 
[0;32m[PHI][0m 🌐 PHI Sovereign AI - Cost Optimization Mission Complete
