[2026-03-02 20:31:14] PHI Leverage Engine activated - Mon Mar  2 20:31:14 UTC 2026
[2026-03-02 20:31:14] === VALUE EXTRACTION ANALYSIS ===
[2026-03-02 20:31:14] Analyzing service utilization patterns...
[2026-03-02 20:31:17] Service Utilization: 100% (17/17)
[2026-03-02 20:31:17] Analyzing cost optimization opportunities...
[2026-03-02 20:31:18] Potential over-provisioning: 2 services
[2026-03-02 20:31:18] Analyzing competitive advantages...
[2026-03-02 20:31:20] Unique PHI/Dominion services: 13
[2026-03-02 20:31:20] Performance optimization opportunities...
[2026-03-02 20:31:21] Services eligible for Gen2 optimization: 17
[2026-03-02 20:31:21] === COMPETITIVE INTELLIGENCE ANALYSIS ===
[2026-03-02 20:31:21] Service differentiation analysis...
[2026-03-02 20:31:24] AI-powered services: 6
[2026-03-02 20:31:24] API services: 2
[2026-03-02 20:31:24] Scalability assessment...
[2026-03-02 20:31:25] Auto-scaled services: 0
[2026-03-02 20:31:25] Security advantage analysis...
[2026-03-02 20:31:26] Security-focused services: 1
[2026-03-02 20:31:26] === LEVERAGE RECOMMENDATIONS ===
[2026-03-02 20:31:26] Value Extraction Opportunities:
[2026-03-02 20:31:26] 1. Optimize resource allocation for  over-provisioned services
[2026-03-02 20:31:26] 2. Implement Gen2 runtime for  eligible services
[2026-03-02 20:31:26] 3. Enhance AI service utilization ( services identified)
[2026-03-02 20:31:26] 4. Expand API ecosystem ( current APIs)
[2026-03-02 20:31:26] Competitive Edge Enhancements:
[2026-03-02 20:31:26] 1. Strengthen AI differentiation ( AI services)
[2026-03-02 20:31:26] 2. Improve auto-scaling for  services
[2026-03-02 20:31:26] 3. Enhance security posture ( security services)
[2026-03-02 20:31:26] 4. Develop unique PHI capabilities
[2026-03-02 20:31:26] Priority Implementation Queue:
[2026-03-02 20:31:26] HIGH: Resource optimization (cost savings)
[2026-03-02 20:31:26] HIGH: Gen2 runtime upgrades (performance)
[2026-03-02 20:31:26] MEDIUM: AI service expansion (differentiation)
[2026-03-02 20:31:26] MEDIUM: Security enhancements (trust)
[2026-03-02 20:31:26] LOW: API ecosystem growth (market expansion)
[2026-03-02 20:31:26] === PREDICTIVE VALUE MODELING ===
[2026-03-02 20:31:26] Current Value Score: 0
[2026-03-02 20:31:26] Projected Value with Optimizations: 0
