[2026-03-02 14:29:27] =========================================
[2026-03-02 14:29:27] PHI CHIEF - AUTONOMOUS OVERNIGHT OPS
[2026-03-02 14:29:27] =========================================
[2026-03-02 14:29:27] Start time: Mon Mar  2 14:29:27 UTC 2026
[2026-03-02 14:29:27] Duration: 8 hours
[2026-03-02 14:29:27] Check interval: 15 minutes
[2026-03-02 14:29:27] =========================================
[2026-03-02 14:29:28] ✓ GCP authentication verified
[2026-03-02 14:29:28] === HOUR 1: Infrastructure Health Monitoring & Baseline ===
[2026-03-02 14:29:28] Collecting health baseline for all services...
[2026-03-02 14:29:28] Checking health for project: dominion-os-1-0-main
[2026-03-02 14:29:42] Checking health for project: dominion-core-prod
[2026-03-02 14:30:05] Collecting service URLs...
[2026-03-02 14:30:09] ✅ Hour 1 complete: Baseline established
[2026-03-02 14:30:09] === HOUR 2: Documentation Enhancement ===
[2026-03-02 14:30:09] Generating architecture documentation...
[2026-03-02 14:31:45] =========================================
[2026-03-02 14:31:45] PHI CHIEF - AUTONOMOUS OVERNIGHT OPS
[2026-03-02 14:31:45] =========================================
[2026-03-02 14:31:45] Start time: Mon Mar  2 14:31:45 UTC 2026
[2026-03-02 14:31:45] Duration: 8 hours
[2026-03-02 14:31:45] Check interval: 15 minutes
[2026-03-02 14:31:45] =========================================
[2026-03-02 14:31:46] ✓ GCP authentication verified
[2026-03-02 14:31:46] === HOUR 1: Infrastructure Health Monitoring & Baseline ===
[2026-03-02 14:31:46] Collecting health baseline for all services...
[2026-03-02 14:31:46] Checking health for project: dominion-os-1-0-main
[2026-03-02 14:32:02] Checking health for project: dominion-core-prod
[2026-03-02 14:32:23] Collecting service URLs...
[2026-03-02 14:32:27] ✅ Hour 1 complete: Baseline established
[2026-03-02 14:32:27] === HOUR 2: Documentation Enhancement ===
[2026-03-02 14:32:27] Generating architecture documentation...
[2026-03-02 14:37:02] =========================================
[2026-03-02 14:37:02] PHI CHIEF - AUTONOMOUS OVERNIGHT OPS
[2026-03-02 14:37:02] =========================================
[2026-03-02 14:37:02] Start time: Mon Mar  2 14:37:02 UTC 2026
[2026-03-02 14:37:02] Duration: 8 hours
[2026-03-02 14:37:02] Check interval: 15 minutes
[2026-03-02 14:37:02] =========================================
[2026-03-02 14:37:03] ✓ GCP authentication verified
[2026-03-02 14:37:03] === HOUR 1: Infrastructure Health Monitoring & Baseline ===
[2026-03-02 14:37:03] Collecting health baseline for all services...
[2026-03-02 14:37:03] Checking health for project: dominion-os-1-0-main
[2026-03-02 14:37:16] Checking health for project: dominion-core-prod
[2026-03-02 14:37:37] Collecting service URLs...
[2026-03-02 14:37:42] ✅ Hour 1 complete: Baseline established
[2026-03-02 14:37:42] === HOUR 2: Documentation Enhancement ===
[2026-03-02 14:37:42] Generating architecture documentation...
[2026-03-02 14:37:42] ✅ Hour 2 complete: Documentation enhanced
[2026-03-02 14:37:42] === HOUR 3: Automated Testing & Validation ===
[2026-03-02 14:37:42] Testing gateway availability...
[2026-03-02 14:37:46] Testing gateway: dominion-ai-gateway at https://dominion-ai-gateway-66ymegzkya-uc.a.run.app
[2026-03-02 14:37:46]   ⚠️  dominion-ai-gateway not responding
[2026-03-02 14:37:47] Testing gateway: dominion-f5-gateway at https://dominion-f5-gateway-66ymegzkya-uc.a.run.app
[2026-03-02 14:37:47]   ✓ dominion-f5-gateway responding
[2026-03-02 14:37:47] Gateway test results: 1/2 responding
[2026-03-02 14:37:47] ✅ Hour 3 complete: Testing validated
[2026-03-02 14:37:47] === HOUR 4: Infrastructure Optimization Analysis ===
[2026-03-02 14:37:47] Analyzing service configurations...
[2026-03-02 14:37:52] Configuration analysis saved to telemetry/config_project*.txt
[2026-03-02 14:37:52] ✅ Hour 4 complete: Optimization analysis done
[2026-03-02 14:37:52] === HOUR 5: Continuous Monitoring ===
[2026-03-02 14:37:52] Health check #1 for hour 5
[2026-03-02 14:37:52] Checking health for project: dominion-os-1-0-main
[2026-03-02 14:38:06] Checking health for project: dominion-core-prod
[2026-03-02 14:38:27] ✓ All services healthy
[2026-03-02 14:38:27] Next check in 15 minutes...
[2026-03-02 14:53:27] Health check #2 for hour 5
[2026-03-02 14:53:27] Checking health for project: dominion-os-1-0-main
[2026-03-02 14:53:41] Checking health for project: dominion-core-prod
[2026-03-02 14:54:03] ✓ All services healthy
[2026-03-02 14:54:03] Next check in 15 minutes...
[2026-03-02 15:09:03] Health check #3 for hour 5
[2026-03-02 15:09:03] Checking health for project: dominion-os-1-0-main
[2026-03-02 15:09:18] Checking health for project: dominion-core-prod
[2026-03-02 15:09:40] ✓ All services healthy
[2026-03-02 15:09:40] Next check in 15 minutes...
[2026-03-02 20:24:31] =========================================
[2026-03-02 20:24:31] PHI CHIEF - AUTONOMOUS OVERNIGHT OPS
[2026-03-02 20:24:31] =========================================
[2026-03-02 20:24:31] Start time: Mon Mar  2 20:24:31 UTC 2026
[2026-03-02 20:24:31] Duration: 8 hours
[2026-03-02 20:24:31] Check interval: 15 minutes
[2026-03-02 20:24:31] =========================================
[2026-03-02 20:24:32] ✓ GCP authentication verified
[2026-03-02 20:24:32] === HOUR 1: Infrastructure Health Monitoring & Baseline ===
[2026-03-02 20:24:32] Collecting health baseline for all services...
[2026-03-02 20:24:32] Checking health for project: dominion-os-1-0-main
[2026-03-02 20:24:47] INCIDENT: Service phi-askphi-widget in dominion-os-1-0-main has status: False
[2026-03-02 20:24:48] INCIDENT: Service phi-oauth-server in dominion-os-1-0-main has status: False
[2026-03-02 20:24:48] ⚠️  WARNING: Some services are not ready in dominion-os-1-0-main
[2026-03-02 20:24:48] Failed services: phi-askphi-widget phi-oauth-server
[2026-03-02 20:24:48] ⚠️  Issues detected in dominion-os-1-0-main
[2026-03-02 20:24:48] Checking health for project: dominion-core-prod
[2026-03-02 20:25:12] Collecting service URLs...
[2026-03-02 20:25:17] ✅ Hour 1 complete: Baseline established
[2026-03-02 20:25:17] === HOUR 2: Documentation Enhancement ===
[2026-03-02 20:25:17] Generating architecture documentation...
[2026-03-02 20:25:17] ✅ Hour 2 complete: Documentation enhanced
[2026-03-02 20:25:17] === HOUR 3: Automated Testing & Validation ===
[2026-03-02 20:25:17] Testing gateway availability...
[2026-03-02 20:25:22] Testing gateway: dominion-ai-gateway at https://dominion-ai-gateway-66ymegzkya-uc.a.run.app
[2026-03-02 20:25:22]   ⚠️  dominion-ai-gateway not responding
[2026-03-02 20:25:23] Testing gateway: dominion-f5-gateway at https://dominion-f5-gateway-66ymegzkya-uc.a.run.app
[2026-03-02 20:25:23]   ✓ dominion-f5-gateway responding
[2026-03-02 20:25:23] Gateway test results: 1/2 responding
[2026-03-02 20:25:23] ✅ Hour 3 complete: Testing validated
[2026-03-02 20:25:23] === HOUR 4: Infrastructure Optimization Analysis ===
[2026-03-02 20:25:23] Analyzing service configurations...
[2026-03-02 20:25:28] Configuration analysis saved to telemetry/config_project*.txt
[2026-03-02 20:25:28] ✅ Hour 4 complete: Optimization analysis done
[2026-03-02 20:25:28] === HOUR 5: Continuous Monitoring ===
[2026-03-02 20:25:28] Health check #1 for hour 5
[2026-03-02 20:25:28] Checking health for project: dominion-os-1-0-main
[2026-03-02 20:25:32] INCIDENT: Service askphi-chatbot in dominion-os-1-0-main has status: Unknown
[2026-03-02 20:25:44] INCIDENT: Service phi-askphi-widget in dominion-os-1-0-main has status: False
[2026-03-02 20:25:45] INCIDENT: Service phi-oauth-server in dominion-os-1-0-main has status: False
[2026-03-02 20:25:45] ⚠️  WARNING: Some services are not ready in dominion-os-1-0-main
[2026-03-02 20:25:45] Failed services: askphi-chatbot phi-askphi-widget phi-oauth-server
[2026-03-02 20:25:45] Checking health for project: dominion-core-prod
[2026-03-02 20:26:06] INCIDENT: Service phi-oauth-server in dominion-core-prod has status: Unknown
[2026-03-02 20:26:08] ⚠️  WARNING: Some services are not ready in dominion-core-prod
[2026-03-02 20:26:08] Failed services: phi-oauth-server
[2026-03-02 20:26:08] ⚠️  Health issues detected - see logs
[2026-03-02 20:26:08] Next check in 15 minutes...
[2026-03-02 20:41:08] Health check #2 for hour 5
[2026-03-02 20:41:08] Checking health for project: dominion-os-1-0-main
[2026-03-02 20:41:24] INCIDENT: Service phi-askphi-widget in dominion-os-1-0-main has status: False
[2026-03-02 20:41:26] INCIDENT: Service phi-oauth-server in dominion-os-1-0-main has status: False
[2026-03-02 20:41:26] ⚠️  WARNING: Some services are not ready in dominion-os-1-0-main
[2026-03-02 20:41:26] Failed services: phi-askphi-widget phi-oauth-server
[2026-03-02 20:41:26] Checking health for project: dominion-core-prod
[2026-03-02 20:41:49] ⚠️  Health issues detected - see logs
[2026-03-02 20:41:49] Next check in 15 minutes...
[2026-03-02 20:56:49] Health check #3 for hour 5
[2026-03-02 20:56:49] Checking health for project: dominion-os-1-0-main
[2026-03-02 20:57:05] INCIDENT: Service phi-askphi-widget in dominion-os-1-0-main has status: False
[2026-03-02 20:57:06] INCIDENT: Service phi-oauth-server in dominion-os-1-0-main has status: False
[2026-03-02 20:57:06] ⚠️  WARNING: Some services are not ready in dominion-os-1-0-main
[2026-03-02 20:57:06] Failed services: phi-askphi-widget phi-oauth-server
[2026-03-02 20:57:06] Checking health for project: dominion-core-prod
[2026-03-02 20:57:30] ⚠️  Health issues detected - see logs
[2026-03-02 20:57:30] Next check in 15 minutes...
[2026-03-02 21:12:30] Health check #4 for hour 5
[2026-03-02 21:12:30] Checking health for project: dominion-os-1-0-main
[2026-03-02 21:12:48] INCIDENT: Service phi-askphi-widget in dominion-os-1-0-main has status: False
[2026-03-02 21:12:49] INCIDENT: Service phi-oauth-server in dominion-os-1-0-main has status: False
[2026-03-02 21:12:49] ⚠️  WARNING: Some services are not ready in dominion-os-1-0-main
[2026-03-02 21:12:49] Failed services: phi-askphi-widget phi-oauth-server
[2026-03-02 21:12:49] Checking health for project: dominion-core-prod
[2026-03-02 21:13:14] ⚠️  Health issues detected - see logs
[2026-03-02 21:13:14] ✅ Hour 5 complete: 4 health checks performed
[2026-03-02 21:13:14] === HOUR 6: Continuous Monitoring ===
[2026-03-02 21:13:14] Health check #1 for hour 6
[2026-03-02 21:13:14] Checking health for project: dominion-os-1-0-main
[2026-03-02 21:13:30] INCIDENT: Service phi-askphi-widget in dominion-os-1-0-main has status: False
[2026-03-02 21:13:31] INCIDENT: Service phi-oauth-server in dominion-os-1-0-main has status: False
[2026-03-02 21:13:31] ⚠️  WARNING: Some services are not ready in dominion-os-1-0-main
[2026-03-02 21:13:31] Failed services: phi-askphi-widget phi-oauth-server
[2026-03-02 21:13:31] Checking health for project: dominion-core-prod
[2026-03-02 21:13:55] ⚠️  Health issues detected - see logs
[2026-03-02 21:13:55] Next check in 15 minutes...
[2026-03-02 21:28:55] Health check #2 for hour 6
[2026-03-02 21:28:55] Checking health for project: dominion-os-1-0-main
[2026-03-02 21:29:10] INCIDENT: Service phi-askphi-widget in dominion-os-1-0-main has status: False
[2026-03-02 21:29:11] INCIDENT: Service phi-oauth-server in dominion-os-1-0-main has status: False
[2026-03-02 21:29:11] ⚠️  WARNING: Some services are not ready in dominion-os-1-0-main
[2026-03-02 21:29:11] Failed services: phi-askphi-widget phi-oauth-server
[2026-03-02 21:29:11] Checking health for project: dominion-core-prod
[2026-03-02 21:29:36] ⚠️  Health issues detected - see logs
[2026-03-02 21:29:36] Next check in 15 minutes...
[2026-03-02 21:44:36] Health check #3 for hour 6
[2026-03-02 21:44:36] Checking health for project: dominion-os-1-0-main
[2026-03-02 21:44:53] INCIDENT: Service phi-askphi-widget in dominion-os-1-0-main has status: False
[2026-03-02 21:44:54] INCIDENT: Service phi-oauth-server in dominion-os-1-0-main has status: False
[2026-03-02 21:44:54] ⚠️  WARNING: Some services are not ready in dominion-os-1-0-main
[2026-03-02 21:44:55] Failed services: phi-askphi-widget phi-oauth-server
[2026-03-02 21:44:55] Checking health for project: dominion-core-prod
[2026-03-02 21:45:19] ⚠️  Health issues detected - see logs
[2026-03-02 21:45:19] Next check in 15 minutes...
[2026-03-02 22:00:19] Health check #4 for hour 6
[2026-03-02 22:00:19] Checking health for project: dominion-os-1-0-main
[2026-03-02 22:00:35] INCIDENT: Service phi-askphi-widget in dominion-os-1-0-main has status: False
[2026-03-02 22:00:36] INCIDENT: Service phi-oauth-server in dominion-os-1-0-main has status: False
[2026-03-02 22:00:36] ⚠️  WARNING: Some services are not ready in dominion-os-1-0-main
[2026-03-02 22:00:36] Failed services: phi-askphi-widget phi-oauth-server
[2026-03-02 22:00:36] Checking health for project: dominion-core-prod
[2026-03-02 22:01:01] ⚠️  Health issues detected - see logs
[2026-03-02 22:01:01] ✅ Hour 6 complete: 4 health checks performed
[2026-03-02 22:01:01] === HOUR 7: Continuous Monitoring ===
[2026-03-02 22:01:01] Health check #1 for hour 7
[2026-03-02 22:01:01] Checking health for project: dominion-os-1-0-main
[2026-03-02 22:01:16] INCIDENT: Service phi-askphi-widget in dominion-os-1-0-main has status: False
[2026-03-02 22:01:17] INCIDENT: Service phi-oauth-server in dominion-os-1-0-main has status: False
[2026-03-02 22:01:17] ⚠️  WARNING: Some services are not ready in dominion-os-1-0-main
[2026-03-02 22:01:17] Failed services: phi-askphi-widget phi-oauth-server
[2026-03-02 22:01:17] Checking health for project: dominion-core-prod
[2026-03-02 22:01:41] ⚠️  Health issues detected - see logs
[2026-03-02 22:01:41] Next check in 15 minutes...
[2026-03-02 23:36:50] =========================================
[2026-03-02 23:36:50] PHI CHIEF - AUTONOMOUS OVERNIGHT OPS
[2026-03-02 23:36:50] =========================================
[2026-03-02 23:36:50] Start time: Mon Mar  2 23:36:50 UTC 2026
[2026-03-02 23:36:50] Duration: 8 hours
[2026-03-02 23:36:50] Check interval: 15 minutes
[2026-03-02 23:36:50] =========================================
[2026-03-02 23:36:51] ✓ GCP authentication verified
[2026-03-02 23:36:51] === HOUR 1: Infrastructure Health Monitoring & Baseline ===
[2026-03-02 23:36:51] Collecting health baseline for all services...
[2026-03-02 23:36:51] Checking health for project: dominion-os-1-0-main
[2026-03-02 23:37:07] Checking health for project: dominion-core-prod
[2026-03-02 23:37:31] Collecting service URLs...
[2026-03-02 23:37:36] ✅ Hour 1 complete: Baseline established
[2026-03-02 23:37:36] === HOUR 2: Documentation Enhancement ===
[2026-03-02 23:37:36] Generating architecture documentation...
[2026-03-02 23:37:36] ✅ Hour 2 complete: Documentation enhanced
[2026-03-02 23:37:36] === HOUR 3: Automated Testing & Validation ===
[2026-03-02 23:37:36] Testing gateway availability...
[2026-03-02 23:37:39] Testing gateway: dominion-ai-gateway at https://dominion-ai-gateway-66ymegzkya-uc.a.run.app
[2026-03-02 23:37:39]   ⚠️  dominion-ai-gateway not responding
[2026-03-02 23:37:41] Testing gateway: dominion-f5-gateway at https://dominion-f5-gateway-66ymegzkya-uc.a.run.app
[2026-03-02 23:37:41]   ✓ dominion-f5-gateway responding
[2026-03-02 23:37:41] Gateway test results: 1/2 responding
[2026-03-02 23:37:41] ✅ Hour 3 complete: Testing validated
[2026-03-02 23:37:41] === HOUR 4: Infrastructure Optimization Analysis ===
[2026-03-02 23:37:41] Analyzing service configurations...
[2026-03-02 23:37:46] Configuration analysis saved to telemetry/config_project*.txt
[2026-03-02 23:37:46] ✅ Hour 4 complete: Optimization analysis done
[2026-03-02 23:37:46] === HOUR 5: Continuous Monitoring ===
[2026-03-02 23:37:46] Health check #1 for hour 5
[2026-03-02 23:37:46] Checking health for project: dominion-os-1-0-main
[2026-03-02 23:38:03] Checking health for project: dominion-core-prod
[2026-03-02 23:38:26] ✓ All services healthy
[2026-03-02 23:38:26] Next check in 15 minutes...
[2026-03-02 23:53:26] Health check #2 for hour 5
[2026-03-02 23:53:26] Checking health for project: dominion-os-1-0-main
[2026-03-02 23:53:43] Checking health for project: dominion-core-prod
[2026-03-02 23:54:09] ✓ All services healthy
[2026-03-02 23:54:09] Next check in 15 minutes...
[2026-03-03 00:09:09] Health check #3 for hour 5
[2026-03-03 00:09:09] Checking health for project: dominion-os-1-0-main
[2026-03-03 00:09:27] Checking health for project: dominion-core-prod
[2026-03-03 00:09:52] ✓ All services healthy
[2026-03-03 00:09:52] Next check in 15 minutes...
[2026-03-03 00:24:52] Health check #4 for hour 5
[2026-03-03 00:24:52] Checking health for project: dominion-os-1-0-main
[2026-03-03 00:25:09] INCIDENT: Service phi-oauth-server in dominion-os-1-0-main has status: False
[2026-03-03 00:25:09] ⚠️  WARNING: Some services are not ready in dominion-os-1-0-main
[2026-03-03 00:25:09] Failed services: phi-oauth-server
[2026-03-03 00:25:09] Checking health for project: dominion-core-prod
[2026-03-03 00:25:34] ⚠️  Health issues detected - see logs
[2026-03-03 00:25:34] ✅ Hour 5 complete: 4 health checks performed
[2026-03-03 00:25:34] === HOUR 6: Continuous Monitoring ===
[2026-03-03 00:25:34] Health check #1 for hour 6
[2026-03-03 00:25:34] Checking health for project: dominion-os-1-0-main
[2026-03-03 00:25:51] Checking health for project: dominion-core-prod
[2026-03-03 00:26:15] ✓ All services healthy
[2026-03-03 00:26:15] Next check in 15 minutes...
[2026-03-03 00:41:15] Health check #2 for hour 6
[2026-03-03 00:41:15] Checking health for project: dominion-os-1-0-main
[2026-03-03 00:41:34] Checking health for project: dominion-core-prod
[2026-03-03 00:41:59] ✓ All services healthy
[2026-03-03 00:41:59] Next check in 15 minutes...
[2026-03-04 17:58:00] =========================================
[2026-03-04 17:58:00] PHI CHIEF - AUTONOMOUS OVERNIGHT OPS
[2026-03-04 17:58:00] =========================================
[2026-03-04 17:58:00] Start time: Wed Mar  4 17:58:00 UTC 2026
[2026-03-04 17:58:00] Duration: 8 hours
[2026-03-04 17:58:00] Check interval: 15 minutes
[2026-03-04 17:58:00] =========================================
[2026-03-04 17:58:01] ✓ GCP authentication verified
[2026-03-04 17:58:01] === HOUR 1: Infrastructure Health Monitoring & Baseline ===
[2026-03-04 17:58:01] Collecting health baseline for all services...
[2026-03-04 17:58:01] Checking health for project: dominion-os-1-0-main
[2026-03-04 17:58:19] Checking health for project: dominion-core-prod
[2026-03-04 17:58:43] INCIDENT: Service phi-oauth-server in dominion-core-prod has status: False
[2026-03-04 17:58:44] ⚠️  WARNING: Some services are not ready in dominion-core-prod
[2026-03-04 17:58:44] Failed services: phi-oauth-server
[2026-03-04 17:58:44] ⚠️  Issues detected in dominion-core-prod
[2026-03-04 17:58:44] Collecting service URLs...
[2026-03-04 17:58:49] ✅ Hour 1 complete: Baseline established
[2026-03-04 17:58:49] === HOUR 2: Documentation Enhancement ===
[2026-03-04 17:58:49] Generating architecture documentation...
[2026-03-04 17:58:49] ✅ Hour 2 complete: Documentation enhanced
[2026-03-04 17:58:49] === HOUR 3: Automated Testing & Validation ===
[2026-03-04 17:58:49] Testing gateway availability...
[2026-03-04 17:58:53] Testing gateway: dominion-ai-gateway at https://dominion-ai-gateway-66ymegzkya-uc.a.run.app
[2026-03-04 17:58:53]   ⚠️  dominion-ai-gateway not responding
[2026-03-04 17:58:54] Testing gateway: dominion-f5-gateway at https://dominion-f5-gateway-66ymegzkya-uc.a.run.app
[2026-03-04 17:58:54]   ✓ dominion-f5-gateway responding
[2026-03-04 17:58:54] Gateway test results: 1/2 responding
[2026-03-04 17:58:54] ✅ Hour 3 complete: Testing validated
[2026-03-04 17:58:54] === HOUR 4: Infrastructure Optimization Analysis ===
[2026-03-04 17:58:54] Analyzing service configurations...
[2026-03-04 17:58:59] Configuration analysis saved to telemetry/config_project*.txt
[2026-03-04 17:58:59] ✅ Hour 4 complete: Optimization analysis done
[2026-03-04 17:58:59] === HOUR 5: Continuous Monitoring ===
[2026-03-04 17:58:59] Health check #1 for hour 5
[2026-03-04 17:58:59] Checking health for project: dominion-os-1-0-main
[2026-03-04 17:59:07] INCIDENT: Service dominion-monitoring-dashboard in dominion-os-1-0-main has status: Unknown
[2026-03-04 17:59:15] ⚠️  WARNING: Some services are not ready in dominion-os-1-0-main
[2026-03-04 17:59:15] Failed services: dominion-monitoring-dashboard
[2026-03-04 17:59:15] Checking health for project: dominion-core-prod
[2026-03-04 17:59:41] INCIDENT: Service phi-oauth-server in dominion-core-prod has status: False
[2026-03-04 17:59:43] ⚠️  WARNING: Some services are not ready in dominion-core-prod
[2026-03-04 17:59:43] Failed services: phi-oauth-server
[2026-03-04 17:59:43] ⚠️  Health issues detected - see logs
[2026-03-04 17:59:43] Next check in 15 minutes...
