nohup: ignoring input
[2026-03-07 02:41:47] =========================================
[2026-03-07 02:41:47] PHI CHIEF - AUTONOMOUS OVERNIGHT OPS
[2026-03-07 02:41:47] =========================================
[2026-03-07 02:41:47] Start time: Sat Mar  7 02:41:47 UTC 2026
[2026-03-07 02:41:47] Duration: 8 hours
[2026-03-07 02:41:47] Check interval: 15 minutes
[2026-03-07 02:41:47] =========================================
[2026-03-07 02:41:47] ✓ GCP authentication verified
[2026-03-07 02:41:47] === HOUR 1: Infrastructure Health Monitoring & Baseline ===
[2026-03-07 02:41:47] Collecting health baseline for all services...
[2026-03-07 02:41:47] Checking health for project: dominion-os-1-0-main
WARNING: Your active project does not match the quota project in your local Application Default Credentials file. This might result in unexpected quota issues.

To update your Application Default Credentials quota project, use the `gcloud auth application-default set-quota-project` command.
Updated property [core/project].
[2026-03-07 02:42:10] Checking health for project: dominion-core-prod
WARNING: Your active project does not match the quota project in your local Application Default Credentials file. This might result in unexpected quota issues.

To update your Application Default Credentials quota project, use the `gcloud auth application-default set-quota-project` command.
Updated property [core/project].
[2026-03-07 02:42:34] Collecting service URLs...
WARNING: Your active project does not match the quota project in your local Application Default Credentials file. This might result in unexpected quota issues.

To update your Application Default Credentials quota project, use the `gcloud auth application-default set-quota-project` command.
Updated property [core/project].
WARNING: Your active project does not match the quota project in your local Application Default Credentials file. This might result in unexpected quota issues.

To update your Application Default Credentials quota project, use the `gcloud auth application-default set-quota-project` command.
Updated property [core/project].
[2026-03-07 02:42:38] ✅ Hour 1 complete: Baseline established
[2026-03-07 02:42:38] === HOUR 2: Documentation Enhancement ===
[2026-03-07 02:42:38] Generating architecture documentation...
[2026-03-07 02:42:38] ✅ Hour 2 complete: Documentation enhanced
[2026-03-07 02:42:38] === HOUR 3: Automated Testing & Validation ===
[2026-03-07 02:42:38] Testing gateway availability...
WARNING: Your active project does not match the quota project in your local Application Default Credentials file. This might result in unexpected quota issues.

To update your Application Default Credentials quota project, use the `gcloud auth application-default set-quota-project` command.
Updated property [core/project].
[2026-03-07 02:42:42] Testing gateway: dominion-ai-gateway at https://dominion-ai-gateway-66ymegzkya-uc.a.run.app
[2026-03-07 02:42:42]   ⚠️  dominion-ai-gateway not responding
[2026-03-07 02:42:44] Testing gateway: dominion-f5-gateway at https://dominion-f5-gateway-66ymegzkya-uc.a.run.app
[2026-03-07 02:42:44]   ✓ dominion-f5-gateway responding
[2026-03-07 02:42:44] Gateway test results: 1/2 responding
[2026-03-07 02:42:44] ✅ Hour 3 complete: Testing validated
[2026-03-07 02:42:44] === HOUR 4: Infrastructure Optimization Analysis ===
[2026-03-07 02:42:44] Analyzing service configurations...
WARNING: Your active project does not match the quota project in your local Application Default Credentials file. This might result in unexpected quota issues.

To update your Application Default Credentials quota project, use the `gcloud auth application-default set-quota-project` command.
Updated property [core/project].
WARNING: Your active project does not match the quota project in your local Application Default Credentials file. This might result in unexpected quota issues.

To update your Application Default Credentials quota project, use the `gcloud auth application-default set-quota-project` command.
Updated property [core/project].
[2026-03-07 02:42:49] Configuration analysis saved to telemetry/config_project*.txt
[2026-03-07 02:42:49] ✅ Hour 4 complete: Optimization analysis done
[2026-03-07 02:42:49] === HOUR 5: Continuous Monitoring ===
[2026-03-07 02:42:49] Health check #1 for hour 5
[2026-03-07 02:42:49] Checking health for project: dominion-os-1-0-main
WARNING: Your active project does not match the quota project in your local Application Default Credentials file. This might result in unexpected quota issues.

To update your Application Default Credentials quota project, use the `gcloud auth application-default set-quota-project` command.
Updated property [core/project].
[2026-03-07 02:43:11] Checking health for project: dominion-core-prod
WARNING: Your active project does not match the quota project in your local Application Default Credentials file. This might result in unexpected quota issues.

To update your Application Default Credentials quota project, use the `gcloud auth application-default set-quota-project` command.
Updated property [core/project].
[2026-03-07 02:43:34] ✓ All services healthy
[2026-03-07 02:43:34] Next check in 15 minutes...
