[2026-03-05 23:18:51] ═══════════════════════════════════════════════════════════════════
[2026-03-05 23:18:51] Starting activation sequence at 2026-03-05 23:18:51 UTC
[2026-03-05 23:18:51] ═══════════════════════════════════════════════════════════════════
[0;36m━━━━━━━━━━━━━━━━━━━━━━━━━━━━━━━━━━━━━━━━━━━━━━━━━━━━━━━━━━━━━━━━[0m
[0;36mPHASE 1: PRE-FLIGHT VERIFICATION[0m
[0;36m━━━━━━━━━━━━━━━━━━━━━━━━━━━━━━━━━━━━━━━━━━━━━━━━━━━━━━━━━━━━━━━━[0m
[2026-03-05 23:18:51] Step 1.1: Verifying GCP Authentication
[0;32m✅ Authenticated as: matthewburbidge@fractal5solutions.com[0m
[2026-03-05 23:18:52] Step 1.2: Checking GitHub Token
[0;34mℹ️  Token prefix: ghu_7ESKiW...[0m
[1;33m⚠️  Git push capability: LIMITED (integration token)[0m
[2026-03-05 23:18:52] Step 1.3: Verifying network connectivity
[0;32m✅ Internet connectivity verified[0m
[2026-03-05 23:18:52] Step 1.4: Checking required tools
[0;32m✅ gcloud: Available[0m
[0;32m✅ git: Available[0m
[0;32m✅ jq: Available[0m
[0;32m✅ curl: Available[0m
[0;36m━━━━━━━━━━━━━━━━━━━━━━━━━━━━━━━━━━━━━━━━━━━━━━━━━━━━━━━━━━━━━━━━[0m
[0;36mPHASE 2: INFRASTRUCTURE ACTIVATION & HEALTH CHECK[0m
[0;36m━━━━━━━━━━━━━━━━━━━━━━━━━━━━━━━━━━━━━━━━━━━━━━━━━━━━━━━━━━━━━━━━[0m
[2026-03-05 23:18:52] Step 2.1: Scanning dominion-os-1-0-main (dominion-os-1-0-main)
[1;33m⚠️  No services found in dominion-os-1-0-main[0m
[2026-03-05 23:18:56] Step 2.2: Scanning dominion-core-prod (dominion-core-prod)
[1;33m⚠️  No services found in dominion-core-prod[0m
[0;36m━━━━━━━━━━━━━━━━━━━━━━━━━━━━━━━━━━━━━━━━━━━━━━━━━━━━━━━━━━━━━━━━[0m
[0;36mPHASE 3: SERVICE COMPONENT VALIDATION[0m
[0;36m━━━━━━━━━━━━━━━━━━━━━━━━━━━━━━━━━━━━━━━━━━━━━━━━━━━━━━━━━━━━━━━━[0m
[2026-03-05 23:18:58] Step 3.1: Validating AI Gateways
[1;33m⚠️  No AI Gateways found[0m
[2026-03-05 23:19:00] Step 3.2: Validating PHI User Interfaces
[1;33m⚠️  No PHI UIs found[0m
[2026-03-05 23:19:01] Step 3.3: Validating Core APIs
[1;33m⚠️  No Core APIs found[0m
[0;36m━━━━━━━━━━━━━━━━━━━━━━━━━━━━━━━━━━━━━━━━━━━━━━━━━━━━━━━━━━━━━━━━[0m
[0;36mPHASE 4: MONITORING & SLO VALIDATION[0m
[0;36m━━━━━━━━━━━━━━━━━━━━━━━━━━━━━━━━━━━━━━━━━━━━━━━━━━━━━━━━━━━━━━━━[0m
[2026-03-05 23:19:02] Step 4.1: Checking Cloud Monitoring configuration
[0;34mℹ️  No uptime checks found - consider running setup_monitoring.sh[0m
[2026-03-05 23:19:05] Step 4.2: Checking SLO definitions
[0;34mℹ️  SLO configuration script not found[0m
[2026-03-05 23:19:05] Step 4.3: Running SLO compliance check
[0;32m✅ SLO monitoring capability available[0m
[0;34mℹ️  Full SLO report available via: ./scripts/phi_slo_monitoring.sh[0m
[0;36m━━━━━━━━━━━━━━━━━━━━━━━━━━━━━━━━━━━━━━━━━━━━━━━━━━━━━━━━━━━━━━━━[0m
[0;36mPHASE 5: REPOSITORY SYNCHRONIZATION[0m
[0;36m━━━━━━━━━━━━━━━━━━━━━━━━━━━━━━━━━━━━━━━━━━━━━━━━━━━━━━━━━━━━━━━━[0m
[2026-03-05 23:19:05] Step 5.1: Checking repository status
[0;34mℹ️  Local HEAD: 0af5d63[0m
[0;34mℹ️  Remote HEAD: 475c4cf[0m
[1;33m⚠️  Repository 2 commits ahead (push capability limited)[0m
[0;36m━━━━━━━━━━━━━━━━━━━━━━━━━━━━━━━━━━━━━━━━━━━━━━━━━━━━━━━━━━━━━━━━[0m
[0;36mPHASE 6: AUTONOMOUS CAPABILITIES ACTIVATION[0m
[0;36m━━━━━━━━━━━━━━━━━━━━━━━━━━━━━━━━━━━━━━━━━━━━━━━━━━━━━━━━━━━━━━━━[0m
[2026-03-05 23:19:05] Step 6.1: Listing available autonomous systems
[0;34mℹ️  Repository sync monitoring: Not found[0m
[0;32m✅ SLO compliance monitoring: AVAILABLE (scripts/phi_slo_monitoring.sh)[0m
[0;34mℹ️  Cost optimization monitoring: Not found[0m
[0;32m✅ 8-hour autonomous operations: AVAILABLE (scripts/autonomous_overnight.sh)[0m
[0;36m━━━━━━━━━━━━━━━━━━━━━━━━━━━━━━━━━━━━━━━━━━━━━━━━━━━━━━━━━━━━━━━━[0m
[0;36mPHASE 7: FINAL STATUS REPORT & ACTIVATION SUMMARY[0m
[0;36m━━━━━━━━━━━━━━━━━━━━━━━━━━━━━━━━━━━━━━━━━━━━━━━━━━━━━━━━━━━━━━━━[0m
[0;32m✅ Status report generated: telemetry/system_status.json[0m
[2026-03-05 23:19:05] ═══════════════════════════════════════════════════════════════════
[2026-03-05 23:19:05] Activation sequence completed at 2026-03-05 23:19:05 UTC
[2026-03-05 23:19:05] Full log: telemetry/activation_20260305_231851.log
[2026-03-05 23:19:05] ═══════════════════════════════════════════════════════════════════
