[2026-03-17 03:10:34] =========================================
[2026-03-17 03:10:34] PHI CHIEF - AUTONOMOUS OVERNIGHT OPS
[2026-03-17 03:10:34] =========================================
[2026-03-17 03:10:34] Start time: Tue Mar 17 03:10:34 UTC 2026
[2026-03-17 03:10:34] Duration: 8 hours
[2026-03-17 03:10:34] Check interval: 15 minutes
[2026-03-17 03:10:34] =========================================
[2026-03-17 03:10:34] ✓ GCP authentication verified
[2026-03-17 03:10:34] === HOUR 1: Infrastructure Health Monitoring & Baseline ===
[2026-03-17 03:10:34] Collecting health baseline for all services...
[2026-03-17 03:10:34] Checking health for project: dominion-os-1-0-main
[2026-03-17 03:10:57] Checking health for project: dominion-core-prod
[2026-03-17 03:11:19] Collecting service URLs...
[2026-03-17 03:11:22] ✅ Hour 1 complete: Baseline established
[2026-03-17 03:11:22] === HOUR 2: Documentation Enhancement ===
[2026-03-17 03:11:22] Generating architecture documentation...
[2026-03-17 03:11:22] ✅ Hour 2 complete: Documentation enhanced
[2026-03-17 03:11:22] === HOUR 3: Automated Testing & Validation ===
[2026-03-17 03:11:22] Testing gateway availability...
[2026-03-17 03:11:25] Testing gateway: dominion-ai-gateway at https://dominion-ai-gateway-66ymegzkya-uc.a.run.app
[2026-03-17 03:11:25]   ⚠️  dominion-ai-gateway not responding
[2026-03-17 03:11:26] Testing gateway: dominion-f5-gateway at https://dominion-f5-gateway-66ymegzkya-uc.a.run.app
[2026-03-17 03:11:26]   ✓ dominion-f5-gateway responding
[2026-03-17 03:11:26] Gateway test results: 1/2 responding
[2026-03-17 03:11:26] ✅ Hour 3 complete: Testing validated
[2026-03-17 03:11:26] === HOUR 4: Infrastructure Optimization Analysis ===
[2026-03-17 03:11:26] Analyzing service configurations...
[2026-03-17 03:11:29] Configuration analysis saved to telemetry/config_project*.txt
[2026-03-17 03:11:29] ✅ Hour 4 complete: Optimization analysis done
[2026-03-17 03:11:29] === HOUR 5: Continuous Monitoring ===
[2026-03-17 03:11:29] Health check #1 for hour 5
[2026-03-17 03:11:29] Checking health for project: dominion-os-1-0-main
