[2026-03-06T17:57:04Z] Intelligent sync start
https://github.com/Fractal5-Solutions/dominion-os-demo-build.git
No commits to push
[2026-03-06T22:40:38Z] Intelligent sync start
https://github.com/Fractal5-Solutions/dominion-os-demo-build.git
Commits ahead: 22
Token present but not a Classic PAT (ghp_*). Autonomous push skipped.
[2026-03-06T23:31:46Z] Intelligent sync start
https://github.com/Fractal5-Solutions/dominion-os-demo-build.git
Commits ahead: 26
Token present but not a Classic PAT (ghp_*). Autonomous push skipped.
[2026-03-06T23:33:12Z] Intelligent sync start
https://github.com/Fractal5-Solutions/dominion-os-demo-build.git
Commits ahead: 26
Token present but not a Classic PAT (ghp_*). Autonomous push skipped.
[2026-03-07T00:44:30Z] Intelligent sync start
https://github.com/Fractal5-Solutions/dominion-os-demo-build.git
Commits ahead: 27
Token present but not a Classic PAT (ghp_*). Autonomous push skipped.
[2026-03-07T00:46:07Z] Intelligent sync start
https://github.com/Fractal5-Solutions/dominion-os-demo-build.git
Commits ahead: 27
PAT detected; attempting autonomous push
remote: Invalid username or token. Password authentication is not supported for Git operations.
fatal: Authentication failed for 'https://github.com/Fractal5-Solutions/dominion-os-demo-build.git/'
Push failed
[2026-03-07T00:46:08Z] Intelligent sync finished
[2026-03-07T18:09:59Z] Intelligent sync start
https://github.com/Fractal5-Solutions/dominion-os-demo-build.git
Commits ahead: 10
Token present but not a Classic PAT (ghp_*). Autonomous push skipped.
