[2026-02-26 05:31:44] =========================================
[2026-02-26 05:31:44] PHI CHIEF - AUTONOMOUS OVERNIGHT OPS
[2026-02-26 05:31:44] =========================================
[2026-02-26 05:31:44] Start time: Thu Feb 26 05:31:44 UTC 2026
[2026-02-26 05:31:44] Duration: 8 hours
[2026-02-26 05:31:44] Check interval: 15 minutes
[2026-02-26 05:31:44] =========================================
[2026-02-26 05:31:45] ✓ GCP authentication verified
[2026-02-26 05:31:45] === HOUR 1: Infrastructure Health Monitoring & Baseline ===
[2026-02-26 05:31:45] Collecting health baseline for all services...
[2026-02-26 05:31:45] Checking health for project: dominion-os-1-0-main
[2026-02-26 05:31:59] Checking health for project: dominion-core-prod
[2026-02-26 05:32:18] Collecting service URLs...
[2026-02-26 05:32:23] ✅ Hour 1 complete: Baseline established
[2026-02-26 05:32:23] === HOUR 2: Documentation Enhancement ===
[2026-02-26 05:32:23] Generating architecture documentation...
[2026-02-26 05:32:23] ✅ Hour 2 complete: Documentation enhanced
[2026-02-26 05:32:23] === HOUR 3: Automated Testing & Validation ===
[2026-02-26 05:32:23] Testing gateway availability...
[2026-02-26 05:32:26] Testing gateway: dominion-ai-gateway at https://dominion-ai-gateway-66ymegzkya-uc.a.run.app
[2026-02-26 05:32:27]   ⚠️  dominion-ai-gateway not responding
[2026-02-26 05:32:28] Testing gateway: dominion-f5-gateway at https://dominion-f5-gateway-66ymegzkya-uc.a.run.app
[2026-02-26 05:32:31]   ✓ dominion-f5-gateway responding
[2026-02-26 05:32:31] Gateway test results: 1/2 responding
[2026-02-26 05:32:31] ✅ Hour 3 complete: Testing validated
[2026-02-26 05:32:31] === HOUR 4: Infrastructure Optimization Analysis ===
[2026-02-26 05:32:31] Analyzing service configurations...
[2026-02-26 05:32:36] Configuration analysis saved to telemetry/config_project*.txt
[2026-02-26 05:32:36] ✅ Hour 4 complete: Optimization analysis done
[2026-02-26 05:32:36] === HOUR 5: Continuous Monitoring ===
[2026-02-26 05:32:36] Health check #1 for hour 5
[2026-02-26 05:32:36] Checking health for project: dominion-os-1-0-main
[2026-02-26 05:32:50] Checking health for project: dominion-core-prod
[2026-02-26 05:33:08] ✓ All services healthy
[2026-02-26 05:33:08] Next check in 15 minutes...
[2026-02-26 05:48:08] Health check #2 for hour 5
[2026-02-26 05:48:08] Checking health for project: dominion-os-1-0-main
[2026-02-26 05:48:22] Checking health for project: dominion-core-prod
[2026-02-26 05:48:42] ✓ All services healthy
[2026-02-26 05:48:42] Next check in 15 minutes...
[2026-02-26 06:03:42] Health check #3 for hour 5
[2026-02-26 06:03:42] Checking health for project: dominion-os-1-0-main
[2026-02-26 06:03:56] Checking health for project: dominion-core-prod
[2026-02-26 06:04:16] ✓ All services healthy
[2026-02-26 06:04:16] Next check in 15 minutes...
