==========================================================================
🔍 PHI Resource Monitor - Dominion OS
==========================================================================
  CPU Threshold: 80%
  Memory Threshold: 85%
  Disk Threshold: 90%
  Monitoring Interval: 60s
  Alert Log: /workspaces/dominion-os-demo-build/scripts/telemetry/resource_alerts.log
==========================================================================

[0;34mℹ️  🚀 Starting continuous monitoring (Ctrl+C to stop)...[0m

----------------------------------------------------------------------
📅 2026-03-03 16:54:52 UTC
----------------------------------------------------------------------

Cannot connect to the Docker daemon at unix:///var/run/docker.sock. Is the docker daemon running?
[1;33m⚠️  Container phi-expenditure-db not running[0m
Cannot connect to the Docker daemon at unix:///var/run/docker.sock. Is the docker daemon running?
[1;33m⚠️  Container phi-expenditure-dashboard not running[0m
[0;34mℹ️  💾 Disk Usage:[0m
[0;34mℹ️     Root: 41% used (71G available)[0m
[0;32m✅    ✅ Disk usage within limits[0m

[0;34mℹ️  📦 Docker Volume Usage:[0m
[0;34mℹ️     No PHI volumes found[0m
[0;34mℹ️  💤 Sleeping for 60s...[0m

----------------------------------------------------------------------
📅 2026-03-03 16:55:52 UTC
----------------------------------------------------------------------

Cannot connect to the Docker daemon at unix:///var/run/docker.sock. Is the docker daemon running?
[1;33m⚠️  Container phi-expenditure-db not running[0m
Cannot connect to the Docker daemon at unix:///var/run/docker.sock. Is the docker daemon running?
[1;33m⚠️  Container phi-expenditure-dashboard not running[0m
[0;34mℹ️  💾 Disk Usage:[0m
[0;34mℹ️     Root: 41% used (71G available)[0m
[0;32m✅    ✅ Disk usage within limits[0m

[0;34mℹ️  📦 Docker Volume Usage:[0m
[0;34mℹ️     No PHI volumes found[0m
[0;34mℹ️  💤 Sleeping for 60s...[0m

----------------------------------------------------------------------
📅 2026-03-03 16:56:52 UTC
----------------------------------------------------------------------

Cannot connect to the Docker daemon at unix:///var/run/docker.sock. Is the docker daemon running?
[1;33m⚠️  Container phi-expenditure-db not running[0m
Cannot connect to the Docker daemon at unix:///var/run/docker.sock. Is the docker daemon running?
[1;33m⚠️  Container phi-expenditure-dashboard not running[0m
[0;34mℹ️  💾 Disk Usage:[0m
[0;34mℹ️     Root: 41% used (71G available)[0m
[0;32m✅    ✅ Disk usage within limits[0m

[0;34mℹ️  📦 Docker Volume Usage:[0m
[0;34mℹ️     No PHI volumes found[0m
[0;34mℹ️  💤 Sleeping for 60s...[0m

----------------------------------------------------------------------
📅 2026-03-03 16:57:52 UTC
----------------------------------------------------------------------

Cannot connect to the Docker daemon at unix:///var/run/docker.sock. Is the docker daemon running?
[1;33m⚠️  Container phi-expenditure-db not running[0m
Cannot connect to the Docker daemon at unix:///var/run/docker.sock. Is the docker daemon running?
[1;33m⚠️  Container phi-expenditure-dashboard not running[0m
[0;34mℹ️  💾 Disk Usage:[0m
[0;34mℹ️     Root: 41% used (71G available)[0m
[0;32m✅    ✅ Disk usage within limits[0m

[0;34mℹ️  📦 Docker Volume Usage:[0m
[0;34mℹ️     No PHI volumes found[0m
[0;34mℹ️  💤 Sleeping for 60s...[0m

----------------------------------------------------------------------
📅 2026-03-03 16:58:52 UTC
----------------------------------------------------------------------

Cannot connect to the Docker daemon at unix:///var/run/docker.sock. Is the docker daemon running?
[1;33m⚠️  Container phi-expenditure-db not running[0m
Cannot connect to the Docker daemon at unix:///var/run/docker.sock. Is the docker daemon running?
[1;33m⚠️  Container phi-expenditure-dashboard not running[0m
[0;34mℹ️  💾 Disk Usage:[0m
[0;34mℹ️     Root: 41% used (71G available)[0m
[0;32m✅    ✅ Disk usage within limits[0m

[0;34mℹ️  📦 Docker Volume Usage:[0m
[0;34mℹ️     No PHI volumes found[0m
[0;34mℹ️  💤 Sleeping for 60s...[0m

----------------------------------------------------------------------
📅 2026-03-03 16:59:52 UTC
----------------------------------------------------------------------

Cannot connect to the Docker daemon at unix:///var/run/docker.sock. Is the docker daemon running?
[1;33m⚠️  Container phi-expenditure-db not running[0m
Cannot connect to the Docker daemon at unix:///var/run/docker.sock. Is the docker daemon running?
[1;33m⚠️  Container phi-expenditure-dashboard not running[0m
[0;34mℹ️  💾 Disk Usage:[0m
[0;34mℹ️     Root: 41% used (71G available)[0m
[0;32m✅    ✅ Disk usage within limits[0m

[0;34mℹ️  📦 Docker Volume Usage:[0m
[0;34mℹ️     No PHI volumes found[0m
[0;34mℹ️  💤 Sleeping for 60s...[0m

----------------------------------------------------------------------
📅 2026-03-03 17:00:52 UTC
----------------------------------------------------------------------

Cannot connect to the Docker daemon at unix:///var/run/docker.sock. Is the docker daemon running?
[1;33m⚠️  Container phi-expenditure-db not running[0m
Cannot connect to the Docker daemon at unix:///var/run/docker.sock. Is the docker daemon running?
[1;33m⚠️  Container phi-expenditure-dashboard not running[0m
[0;34mℹ️  💾 Disk Usage:[0m
[0;34mℹ️     Root: 41% used (71G available)[0m
[0;32m✅    ✅ Disk usage within limits[0m

[0;34mℹ️  📦 Docker Volume Usage:[0m
[0;34mℹ️     No PHI volumes found[0m
[0;34mℹ️  💤 Sleeping for 60s...[0m

----------------------------------------------------------------------
📅 2026-03-03 17:01:52 UTC
----------------------------------------------------------------------

Cannot connect to the Docker daemon at unix:///var/run/docker.sock. Is the docker daemon running?
[1;33m⚠️  Container phi-expenditure-db not running[0m
Cannot connect to the Docker daemon at unix:///var/run/docker.sock. Is the docker daemon running?
[1;33m⚠️  Container phi-expenditure-dashboard not running[0m
[0;34mℹ️  💾 Disk Usage:[0m
[0;34mℹ️     Root: 41% used (71G available)[0m
[0;32m✅    ✅ Disk usage within limits[0m

[0;34mℹ️  📦 Docker Volume Usage:[0m
[0;34mℹ️     No PHI volumes found[0m
[0;34mℹ️  💤 Sleeping for 60s...[0m

----------------------------------------------------------------------
📅 2026-03-03 17:02:52 UTC
----------------------------------------------------------------------

Cannot connect to the Docker daemon at unix:///var/run/docker.sock. Is the docker daemon running?
[1;33m⚠️  Container phi-expenditure-db not running[0m
Cannot connect to the Docker daemon at unix:///var/run/docker.sock. Is the docker daemon running?
[1;33m⚠️  Container phi-expenditure-dashboard not running[0m
[0;34mℹ️  💾 Disk Usage:[0m
[0;34mℹ️     Root: 41% used (71G available)[0m
[0;32m✅    ✅ Disk usage within limits[0m

[0;34mℹ️  📦 Docker Volume Usage:[0m
[0;34mℹ️     No PHI volumes found[0m
[0;34mℹ️  💤 Sleeping for 60s...[0m

----------------------------------------------------------------------
📅 2026-03-03 17:03:52 UTC
----------------------------------------------------------------------

Cannot connect to the Docker daemon at unix:///var/run/docker.sock. Is the docker daemon running?
[1;33m⚠️  Container phi-expenditure-db not running[0m
Cannot connect to the Docker daemon at unix:///var/run/docker.sock. Is the docker daemon running?
[1;33m⚠️  Container phi-expenditure-dashboard not running[0m
[0;34mℹ️  💾 Disk Usage:[0m
[0;34mℹ️     Root: 41% used (71G available)[0m
[0;32m✅    ✅ Disk usage within limits[0m

[0;34mℹ️  📦 Docker Volume Usage:[0m
[0;34mℹ️     No PHI volumes found[0m
[0;34mℹ️  💤 Sleeping for 60s...[0m

----------------------------------------------------------------------
📅 2026-03-03 17:04:52 UTC
----------------------------------------------------------------------

Cannot connect to the Docker daemon at unix:///var/run/docker.sock. Is the docker daemon running?
[1;33m⚠️  Container phi-expenditure-db not running[0m
Cannot connect to the Docker daemon at unix:///var/run/docker.sock. Is the docker daemon running?
[1;33m⚠️  Container phi-expenditure-dashboard not running[0m
[0;34mℹ️  💾 Disk Usage:[0m
[0;34mℹ️     Root: 41% used (71G available)[0m
[0;32m✅    ✅ Disk usage within limits[0m

[0;34mℹ️  📦 Docker Volume Usage:[0m
[0;34mℹ️     No PHI volumes found[0m
[0;34mℹ️  💤 Sleeping for 60s...[0m

----------------------------------------------------------------------
📅 2026-03-03 17:05:52 UTC
----------------------------------------------------------------------

Cannot connect to the Docker daemon at unix:///var/run/docker.sock. Is the docker daemon running?
[1;33m⚠️  Container phi-expenditure-db not running[0m
Cannot connect to the Docker daemon at unix:///var/run/docker.sock. Is the docker daemon running?
[1;33m⚠️  Container phi-expenditure-dashboard not running[0m
[0;34mℹ️  💾 Disk Usage:[0m
[0;34mℹ️     Root: 41% used (71G available)[0m
[0;32m✅    ✅ Disk usage within limits[0m

[0;34mℹ️  📦 Docker Volume Usage:[0m
[0;34mℹ️     No PHI volumes found[0m
[0;34mℹ️  💤 Sleeping for 60s...[0m

----------------------------------------------------------------------
📅 2026-03-03 17:06:52 UTC
----------------------------------------------------------------------

Cannot connect to the Docker daemon at unix:///var/run/docker.sock. Is the docker daemon running?
[1;33m⚠️  Container phi-expenditure-db not running[0m
Cannot connect to the Docker daemon at unix:///var/run/docker.sock. Is the docker daemon running?
[1;33m⚠️  Container phi-expenditure-dashboard not running[0m
[0;34mℹ️  💾 Disk Usage:[0m
[0;34mℹ️     Root: 41% used (71G available)[0m
[0;32m✅    ✅ Disk usage within limits[0m

[0;34mℹ️  📦 Docker Volume Usage:[0m
[0;34mℹ️     No PHI volumes found[0m
[0;34mℹ️  💤 Sleeping for 60s...[0m

----------------------------------------------------------------------
📅 2026-03-03 17:07:52 UTC
----------------------------------------------------------------------

Cannot connect to the Docker daemon at unix:///var/run/docker.sock. Is the docker daemon running?
[1;33m⚠️  Container phi-expenditure-db not running[0m
Cannot connect to the Docker daemon at unix:///var/run/docker.sock. Is the docker daemon running?
[1;33m⚠️  Container phi-expenditure-dashboard not running[0m
[0;34mℹ️  💾 Disk Usage:[0m
[0;34mℹ️     Root: 41% used (71G available)[0m
[0;32m✅    ✅ Disk usage within limits[0m

[0;34mℹ️  📦 Docker Volume Usage:[0m
[0;34mℹ️     No PHI volumes found[0m
[0;34mℹ️  💤 Sleeping for 60s...[0m

----------------------------------------------------------------------
📅 2026-03-03 17:08:53 UTC
----------------------------------------------------------------------

Cannot connect to the Docker daemon at unix:///var/run/docker.sock. Is the docker daemon running?
[1;33m⚠️  Container phi-expenditure-db not running[0m
Cannot connect to the Docker daemon at unix:///var/run/docker.sock. Is the docker daemon running?
[1;33m⚠️  Container phi-expenditure-dashboard not running[0m
[0;34mℹ️  💾 Disk Usage:[0m
[0;34mℹ️     Root: 41% used (71G available)[0m
[0;32m✅    ✅ Disk usage within limits[0m

[0;34mℹ️  📦 Docker Volume Usage:[0m
[0;34mℹ️     No PHI volumes found[0m
[0;34mℹ️  💤 Sleeping for 60s...[0m

----------------------------------------------------------------------
📅 2026-03-03 17:09:53 UTC
----------------------------------------------------------------------

Cannot connect to the Docker daemon at unix:///var/run/docker.sock. Is the docker daemon running?
[1;33m⚠️  Container phi-expenditure-db not running[0m
Cannot connect to the Docker daemon at unix:///var/run/docker.sock. Is the docker daemon running?
[1;33m⚠️  Container phi-expenditure-dashboard not running[0m
[0;34mℹ️  💾 Disk Usage:[0m
[0;34mℹ️     Root: 41% used (71G available)[0m
[0;32m✅    ✅ Disk usage within limits[0m

[0;34mℹ️  📦 Docker Volume Usage:[0m
[0;34mℹ️     No PHI volumes found[0m
[0;34mℹ️  💤 Sleeping for 60s...[0m

----------------------------------------------------------------------
📅 2026-03-03 17:10:53 UTC
----------------------------------------------------------------------

Cannot connect to the Docker daemon at unix:///var/run/docker.sock. Is the docker daemon running?
[1;33m⚠️  Container phi-expenditure-db not running[0m
Cannot connect to the Docker daemon at unix:///var/run/docker.sock. Is the docker daemon running?
[1;33m⚠️  Container phi-expenditure-dashboard not running[0m
[0;34mℹ️  💾 Disk Usage:[0m
[0;34mℹ️     Root: 41% used (71G available)[0m
[0;32m✅    ✅ Disk usage within limits[0m

[0;34mℹ️  📦 Docker Volume Usage:[0m
[0;34mℹ️     No PHI volumes found[0m
[0;34mℹ️  💤 Sleeping for 60s...[0m

----------------------------------------------------------------------
📅 2026-03-03 17:11:53 UTC
----------------------------------------------------------------------

Cannot connect to the Docker daemon at unix:///var/run/docker.sock. Is the docker daemon running?
[1;33m⚠️  Container phi-expenditure-db not running[0m
Cannot connect to the Docker daemon at unix:///var/run/docker.sock. Is the docker daemon running?
[1;33m⚠️  Container phi-expenditure-dashboard not running[0m
[0;34mℹ️  💾 Disk Usage:[0m
[0;34mℹ️     Root: 41% used (71G available)[0m
[0;32m✅    ✅ Disk usage within limits[0m

[0;34mℹ️  📦 Docker Volume Usage:[0m
[0;34mℹ️     No PHI volumes found[0m
[0;34mℹ️  💤 Sleeping for 60s...[0m

----------------------------------------------------------------------
📅 2026-03-03 17:12:53 UTC
----------------------------------------------------------------------

Cannot connect to the Docker daemon at unix:///var/run/docker.sock. Is the docker daemon running?
[1;33m⚠️  Container phi-expenditure-db not running[0m
Cannot connect to the Docker daemon at unix:///var/run/docker.sock. Is the docker daemon running?
[1;33m⚠️  Container phi-expenditure-dashboard not running[0m
[0;34mℹ️  💾 Disk Usage:[0m
[0;34mℹ️     Root: 41% used (71G available)[0m
[0;32m✅    ✅ Disk usage within limits[0m

[0;34mℹ️  📦 Docker Volume Usage:[0m
[0;34mℹ️     No PHI volumes found[0m
[0;34mℹ️  💤 Sleeping for 60s...[0m

----------------------------------------------------------------------
📅 2026-03-03 17:13:53 UTC
----------------------------------------------------------------------

Cannot connect to the Docker daemon at unix:///var/run/docker.sock. Is the docker daemon running?
[1;33m⚠️  Container phi-expenditure-db not running[0m
Cannot connect to the Docker daemon at unix:///var/run/docker.sock. Is the docker daemon running?
[1;33m⚠️  Container phi-expenditure-dashboard not running[0m
[0;34mℹ️  💾 Disk Usage:[0m
[0;34mℹ️     Root: 41% used (71G available)[0m
[0;32m✅    ✅ Disk usage within limits[0m

[0;34mℹ️  📦 Docker Volume Usage:[0m
[0;34mℹ️     No PHI volumes found[0m
[0;34mℹ️  💤 Sleeping for 60s...[0m

----------------------------------------------------------------------
📅 2026-03-03 17:14:53 UTC
----------------------------------------------------------------------

Cannot connect to the Docker daemon at unix:///var/run/docker.sock. Is the docker daemon running?
[1;33m⚠️  Container phi-expenditure-db not running[0m
Cannot connect to the Docker daemon at unix:///var/run/docker.sock. Is the docker daemon running?
[1;33m⚠️  Container phi-expenditure-dashboard not running[0m
[0;34mℹ️  💾 Disk Usage:[0m
[0;34mℹ️     Root: 41% used (71G available)[0m
[0;32m✅    ✅ Disk usage within limits[0m

[0;34mℹ️  📦 Docker Volume Usage:[0m
[0;34mℹ️     No PHI volumes found[0m
[0;34mℹ️  💤 Sleeping for 60s...[0m

----------------------------------------------------------------------
📅 2026-03-03 17:15:53 UTC
----------------------------------------------------------------------

Cannot connect to the Docker daemon at unix:///var/run/docker.sock. Is the docker daemon running?
[1;33m⚠️  Container phi-expenditure-db not running[0m
Cannot connect to the Docker daemon at unix:///var/run/docker.sock. Is the docker daemon running?
[1;33m⚠️  Container phi-expenditure-dashboard not running[0m
[0;34mℹ️  💾 Disk Usage:[0m
[0;34mℹ️     Root: 41% used (71G available)[0m
[0;32m✅    ✅ Disk usage within limits[0m

[0;34mℹ️  📦 Docker Volume Usage:[0m
[0;34mℹ️     No PHI volumes found[0m
[0;34mℹ️  💤 Sleeping for 60s...[0m

----------------------------------------------------------------------
📅 2026-03-03 17:16:53 UTC
----------------------------------------------------------------------

Cannot connect to the Docker daemon at unix:///var/run/docker.sock. Is the docker daemon running?
[1;33m⚠️  Container phi-expenditure-db not running[0m
Cannot connect to the Docker daemon at unix:///var/run/docker.sock. Is the docker daemon running?
[1;33m⚠️  Container phi-expenditure-dashboard not running[0m
[0;34mℹ️  💾 Disk Usage:[0m
[0;34mℹ️     Root: 41% used (71G available)[0m
[0;32m✅    ✅ Disk usage within limits[0m

[0;34mℹ️  📦 Docker Volume Usage:[0m
[0;34mℹ️     No PHI volumes found[0m
[0;34mℹ️  💤 Sleeping for 60s...[0m

----------------------------------------------------------------------
📅 2026-03-03 17:17:53 UTC
----------------------------------------------------------------------

Cannot connect to the Docker daemon at unix:///var/run/docker.sock. Is the docker daemon running?
[1;33m⚠️  Container phi-expenditure-db not running[0m
Cannot connect to the Docker daemon at unix:///var/run/docker.sock. Is the docker daemon running?
[1;33m⚠️  Container phi-expenditure-dashboard not running[0m
[0;34mℹ️  💾 Disk Usage:[0m
[0;34mℹ️     Root: 41% used (71G available)[0m
[0;32m✅    ✅ Disk usage within limits[0m

[0;34mℹ️  📦 Docker Volume Usage:[0m
[0;34mℹ️     No PHI volumes found[0m
[0;34mℹ️  💤 Sleeping for 60s...[0m

----------------------------------------------------------------------
📅 2026-03-03 17:18:53 UTC
----------------------------------------------------------------------

Cannot connect to the Docker daemon at unix:///var/run/docker.sock. Is the docker daemon running?
[1;33m⚠️  Container phi-expenditure-db not running[0m
Cannot connect to the Docker daemon at unix:///var/run/docker.sock. Is the docker daemon running?
[1;33m⚠️  Container phi-expenditure-dashboard not running[0m
[0;34mℹ️  💾 Disk Usage:[0m
[0;34mℹ️     Root: 41% used (71G available)[0m
[0;32m✅    ✅ Disk usage within limits[0m

[0;34mℹ️  📦 Docker Volume Usage:[0m
[0;34mℹ️     No PHI volumes found[0m
[0;34mℹ️  💤 Sleeping for 60s...[0m

----------------------------------------------------------------------
📅 2026-03-03 17:19:53 UTC
----------------------------------------------------------------------

Cannot connect to the Docker daemon at unix:///var/run/docker.sock. Is the docker daemon running?
[1;33m⚠️  Container phi-expenditure-db not running[0m
Cannot connect to the Docker daemon at unix:///var/run/docker.sock. Is the docker daemon running?
[1;33m⚠️  Container phi-expenditure-dashboard not running[0m
[0;34mℹ️  💾 Disk Usage:[0m
[0;34mℹ️     Root: 41% used (71G available)[0m
[0;32m✅    ✅ Disk usage within limits[0m

[0;34mℹ️  📦 Docker Volume Usage:[0m
[0;34mℹ️     No PHI volumes found[0m
[0;34mℹ️  💤 Sleeping for 60s...[0m

----------------------------------------------------------------------
📅 2026-03-03 17:20:53 UTC
----------------------------------------------------------------------

Cannot connect to the Docker daemon at unix:///var/run/docker.sock. Is the docker daemon running?
[1;33m⚠️  Container phi-expenditure-db not running[0m
Cannot connect to the Docker daemon at unix:///var/run/docker.sock. Is the docker daemon running?
[1;33m⚠️  Container phi-expenditure-dashboard not running[0m
[0;34mℹ️  💾 Disk Usage:[0m
[0;34mℹ️     Root: 41% used (71G available)[0m
[0;32m✅    ✅ Disk usage within limits[0m

[0;34mℹ️  📦 Docker Volume Usage:[0m
[0;34mℹ️     No PHI volumes found[0m
[0;34mℹ️  💤 Sleeping for 60s...[0m

----------------------------------------------------------------------
📅 2026-03-03 17:21:53 UTC
----------------------------------------------------------------------

Cannot connect to the Docker daemon at unix:///var/run/docker.sock. Is the docker daemon running?
[1;33m⚠️  Container phi-expenditure-db not running[0m
Cannot connect to the Docker daemon at unix:///var/run/docker.sock. Is the docker daemon running?
[1;33m⚠️  Container phi-expenditure-dashboard not running[0m
[0;34mℹ️  💾 Disk Usage:[0m
[0;34mℹ️     Root: 41% used (71G available)[0m
[0;32m✅    ✅ Disk usage within limits[0m

[0;34mℹ️  📦 Docker Volume Usage:[0m
[0;34mℹ️     No PHI volumes found[0m
[0;34mℹ️  💤 Sleeping for 60s...[0m

----------------------------------------------------------------------
📅 2026-03-03 17:22:53 UTC
----------------------------------------------------------------------

Cannot connect to the Docker daemon at unix:///var/run/docker.sock. Is the docker daemon running?
[1;33m⚠️  Container phi-expenditure-db not running[0m
Cannot connect to the Docker daemon at unix:///var/run/docker.sock. Is the docker daemon running?
[1;33m⚠️  Container phi-expenditure-dashboard not running[0m
[0;34mℹ️  💾 Disk Usage:[0m
[0;34mℹ️     Root: 41% used (71G available)[0m
[0;32m✅    ✅ Disk usage within limits[0m

[0;34mℹ️  📦 Docker Volume Usage:[0m
[0;34mℹ️     No PHI volumes found[0m
[0;34mℹ️  💤 Sleeping for 60s...[0m

----------------------------------------------------------------------
📅 2026-03-03 17:23:53 UTC
----------------------------------------------------------------------

Cannot connect to the Docker daemon at unix:///var/run/docker.sock. Is the docker daemon running?
[1;33m⚠️  Container phi-expenditure-db not running[0m
Cannot connect to the Docker daemon at unix:///var/run/docker.sock. Is the docker daemon running?
[1;33m⚠️  Container phi-expenditure-dashboard not running[0m
[0;34mℹ️  💾 Disk Usage:[0m
[0;34mℹ️     Root: 41% used (71G available)[0m
[0;32m✅    ✅ Disk usage within limits[0m

[0;34mℹ️  📦 Docker Volume Usage:[0m
[0;34mℹ️     No PHI volumes found[0m
[0;34mℹ️  💤 Sleeping for 60s...[0m

----------------------------------------------------------------------
📅 2026-03-03 17:24:53 UTC
----------------------------------------------------------------------

Cannot connect to the Docker daemon at unix:///var/run/docker.sock. Is the docker daemon running?
[1;33m⚠️  Container phi-expenditure-db not running[0m
Cannot connect to the Docker daemon at unix:///var/run/docker.sock. Is the docker daemon running?
[1;33m⚠️  Container phi-expenditure-dashboard not running[0m
[0;34mℹ️  💾 Disk Usage:[0m
[0;34mℹ️     Root: 41% used (71G available)[0m
[0;32m✅    ✅ Disk usage within limits[0m

[0;34mℹ️  📦 Docker Volume Usage:[0m
[0;34mℹ️     No PHI volumes found[0m
[0;34mℹ️  💤 Sleeping for 60s...[0m

----------------------------------------------------------------------
📅 2026-03-03 17:25:53 UTC
----------------------------------------------------------------------

Cannot connect to the Docker daemon at unix:///var/run/docker.sock. Is the docker daemon running?
[1;33m⚠️  Container phi-expenditure-db not running[0m
Cannot connect to the Docker daemon at unix:///var/run/docker.sock. Is the docker daemon running?
[1;33m⚠️  Container phi-expenditure-dashboard not running[0m
[0;34mℹ️  💾 Disk Usage:[0m
[0;34mℹ️     Root: 41% used (71G available)[0m
[0;32m✅    ✅ Disk usage within limits[0m

[0;34mℹ️  📦 Docker Volume Usage:[0m
[0;34mℹ️     No PHI volumes found[0m
[0;34mℹ️  💤 Sleeping for 60s...[0m

----------------------------------------------------------------------
📅 2026-03-03 17:26:53 UTC
----------------------------------------------------------------------

Cannot connect to the Docker daemon at unix:///var/run/docker.sock. Is the docker daemon running?
[1;33m⚠️  Container phi-expenditure-db not running[0m
Cannot connect to the Docker daemon at unix:///var/run/docker.sock. Is the docker daemon running?
[1;33m⚠️  Container phi-expenditure-dashboard not running[0m
[0;34mℹ️  💾 Disk Usage:[0m
[0;34mℹ️     Root: 41% used (71G available)[0m
[0;32m✅    ✅ Disk usage within limits[0m

[0;34mℹ️  📦 Docker Volume Usage:[0m
[0;34mℹ️     No PHI volumes found[0m
[0;34mℹ️  💤 Sleeping for 60s...[0m

----------------------------------------------------------------------
📅 2026-03-03 17:27:54 UTC
----------------------------------------------------------------------

Cannot connect to the Docker daemon at unix:///var/run/docker.sock. Is the docker daemon running?
[1;33m⚠️  Container phi-expenditure-db not running[0m
Cannot connect to the Docker daemon at unix:///var/run/docker.sock. Is the docker daemon running?
[1;33m⚠️  Container phi-expenditure-dashboard not running[0m
[0;34mℹ️  💾 Disk Usage:[0m
[0;34mℹ️     Root: 41% used (71G available)[0m
[0;32m✅    ✅ Disk usage within limits[0m

[0;34mℹ️  📦 Docker Volume Usage:[0m
[0;34mℹ️     No PHI volumes found[0m
[0;34mℹ️  💤 Sleeping for 60s...[0m

----------------------------------------------------------------------
📅 2026-03-03 17:28:54 UTC
----------------------------------------------------------------------

Cannot connect to the Docker daemon at unix:///var/run/docker.sock. Is the docker daemon running?
[1;33m⚠️  Container phi-expenditure-db not running[0m
Cannot connect to the Docker daemon at unix:///var/run/docker.sock. Is the docker daemon running?
[1;33m⚠️  Container phi-expenditure-dashboard not running[0m
[0;34mℹ️  💾 Disk Usage:[0m
[0;34mℹ️     Root: 41% used (71G available)[0m
[0;32m✅    ✅ Disk usage within limits[0m

[0;34mℹ️  📦 Docker Volume Usage:[0m
[0;34mℹ️     No PHI volumes found[0m
[0;34mℹ️  💤 Sleeping for 60s...[0m

----------------------------------------------------------------------
📅 2026-03-03 17:29:54 UTC
----------------------------------------------------------------------

Cannot connect to the Docker daemon at unix:///var/run/docker.sock. Is the docker daemon running?
[1;33m⚠️  Container phi-expenditure-db not running[0m
Cannot connect to the Docker daemon at unix:///var/run/docker.sock. Is the docker daemon running?
[1;33m⚠️  Container phi-expenditure-dashboard not running[0m
[0;34mℹ️  💾 Disk Usage:[0m
[0;34mℹ️     Root: 41% used (71G available)[0m
[0;32m✅    ✅ Disk usage within limits[0m

[0;34mℹ️  📦 Docker Volume Usage:[0m
[0;34mℹ️     No PHI volumes found[0m
[0;34mℹ️  💤 Sleeping for 60s...[0m

----------------------------------------------------------------------
📅 2026-03-03 17:30:54 UTC
----------------------------------------------------------------------

Cannot connect to the Docker daemon at unix:///var/run/docker.sock. Is the docker daemon running?
[1;33m⚠️  Container phi-expenditure-db not running[0m
Cannot connect to the Docker daemon at unix:///var/run/docker.sock. Is the docker daemon running?
[1;33m⚠️  Container phi-expenditure-dashboard not running[0m
[0;34mℹ️  💾 Disk Usage:[0m
[0;34mℹ️     Root: 41% used (71G available)[0m
[0;32m✅    ✅ Disk usage within limits[0m

[0;34mℹ️  📦 Docker Volume Usage:[0m
[0;34mℹ️     No PHI volumes found[0m
[0;34mℹ️  💤 Sleeping for 60s...[0m

----------------------------------------------------------------------
📅 2026-03-03 17:31:54 UTC
----------------------------------------------------------------------

Cannot connect to the Docker daemon at unix:///var/run/docker.sock. Is the docker daemon running?
[1;33m⚠️  Container phi-expenditure-db not running[0m
Cannot connect to the Docker daemon at unix:///var/run/docker.sock. Is the docker daemon running?
[1;33m⚠️  Container phi-expenditure-dashboard not running[0m
[0;34mℹ️  💾 Disk Usage:[0m
[0;34mℹ️     Root: 41% used (71G available)[0m
[0;32m✅    ✅ Disk usage within limits[0m

[0;34mℹ️  📦 Docker Volume Usage:[0m
[0;34mℹ️     No PHI volumes found[0m
[0;34mℹ️  💤 Sleeping for 60s...[0m

----------------------------------------------------------------------
📅 2026-03-03 17:32:54 UTC
----------------------------------------------------------------------

Cannot connect to the Docker daemon at unix:///var/run/docker.sock. Is the docker daemon running?
[1;33m⚠️  Container phi-expenditure-db not running[0m
Cannot connect to the Docker daemon at unix:///var/run/docker.sock. Is the docker daemon running?
[1;33m⚠️  Container phi-expenditure-dashboard not running[0m
[0;34mℹ️  💾 Disk Usage:[0m
[0;34mℹ️     Root: 41% used (71G available)[0m
[0;32m✅    ✅ Disk usage within limits[0m

[0;34mℹ️  📦 Docker Volume Usage:[0m
[0;34mℹ️     No PHI volumes found[0m
[0;34mℹ️  💤 Sleeping for 60s...[0m

----------------------------------------------------------------------
📅 2026-03-03 17:33:54 UTC
----------------------------------------------------------------------

Cannot connect to the Docker daemon at unix:///var/run/docker.sock. Is the docker daemon running?
[1;33m⚠️  Container phi-expenditure-db not running[0m
Cannot connect to the Docker daemon at unix:///var/run/docker.sock. Is the docker daemon running?
[1;33m⚠️  Container phi-expenditure-dashboard not running[0m
[0;34mℹ️  💾 Disk Usage:[0m
[0;34mℹ️     Root: 41% used (71G available)[0m
[0;32m✅    ✅ Disk usage within limits[0m

[0;34mℹ️  📦 Docker Volume Usage:[0m
[0;34mℹ️     No PHI volumes found[0m
[0;34mℹ️  💤 Sleeping for 60s...[0m

----------------------------------------------------------------------
📅 2026-03-03 17:34:54 UTC
----------------------------------------------------------------------

Cannot connect to the Docker daemon at unix:///var/run/docker.sock. Is the docker daemon running?
[1;33m⚠️  Container phi-expenditure-db not running[0m
Cannot connect to the Docker daemon at unix:///var/run/docker.sock. Is the docker daemon running?
[1;33m⚠️  Container phi-expenditure-dashboard not running[0m
[0;34mℹ️  💾 Disk Usage:[0m
[0;34mℹ️     Root: 41% used (71G available)[0m
[0;32m✅    ✅ Disk usage within limits[0m

[0;34mℹ️  📦 Docker Volume Usage:[0m
[0;34mℹ️     No PHI volumes found[0m
[0;34mℹ️  💤 Sleeping for 60s...[0m

----------------------------------------------------------------------
📅 2026-03-03 17:35:54 UTC
----------------------------------------------------------------------

Cannot connect to the Docker daemon at unix:///var/run/docker.sock. Is the docker daemon running?
[1;33m⚠️  Container phi-expenditure-db not running[0m
Cannot connect to the Docker daemon at unix:///var/run/docker.sock. Is the docker daemon running?
[1;33m⚠️  Container phi-expenditure-dashboard not running[0m
[0;34mℹ️  💾 Disk Usage:[0m
[0;34mℹ️     Root: 41% used (71G available)[0m
[0;32m✅    ✅ Disk usage within limits[0m

[0;34mℹ️  📦 Docker Volume Usage:[0m
[0;34mℹ️     No PHI volumes found[0m
[0;34mℹ️  💤 Sleeping for 60s...[0m

----------------------------------------------------------------------
📅 2026-03-03 17:36:54 UTC
----------------------------------------------------------------------

Cannot connect to the Docker daemon at unix:///var/run/docker.sock. Is the docker daemon running?
[1;33m⚠️  Container phi-expenditure-db not running[0m
Cannot connect to the Docker daemon at unix:///var/run/docker.sock. Is the docker daemon running?
[1;33m⚠️  Container phi-expenditure-dashboard not running[0m
[0;34mℹ️  💾 Disk Usage:[0m
[0;34mℹ️     Root: 41% used (71G available)[0m
[0;32m✅    ✅ Disk usage within limits[0m

[0;34mℹ️  📦 Docker Volume Usage:[0m
[0;34mℹ️     No PHI volumes found[0m
[0;34mℹ️  💤 Sleeping for 60s...[0m

----------------------------------------------------------------------
📅 2026-03-03 17:37:54 UTC
----------------------------------------------------------------------

Cannot connect to the Docker daemon at unix:///var/run/docker.sock. Is the docker daemon running?
[1;33m⚠️  Container phi-expenditure-db not running[0m
Cannot connect to the Docker daemon at unix:///var/run/docker.sock. Is the docker daemon running?
[1;33m⚠️  Container phi-expenditure-dashboard not running[0m
[0;34mℹ️  💾 Disk Usage:[0m
[0;34mℹ️     Root: 41% used (71G available)[0m
[0;32m✅    ✅ Disk usage within limits[0m

[0;34mℹ️  📦 Docker Volume Usage:[0m
[0;34mℹ️     No PHI volumes found[0m
[0;34mℹ️  💤 Sleeping for 60s...[0m

----------------------------------------------------------------------
📅 2026-03-03 17:38:54 UTC
----------------------------------------------------------------------

Cannot connect to the Docker daemon at unix:///var/run/docker.sock. Is the docker daemon running?
[1;33m⚠️  Container phi-expenditure-db not running[0m
Cannot connect to the Docker daemon at unix:///var/run/docker.sock. Is the docker daemon running?
[1;33m⚠️  Container phi-expenditure-dashboard not running[0m
[0;34mℹ️  💾 Disk Usage:[0m
[0;34mℹ️     Root: 41% used (71G available)[0m
[0;32m✅    ✅ Disk usage within limits[0m

[0;34mℹ️  📦 Docker Volume Usage:[0m
[0;34mℹ️     No PHI volumes found[0m
[0;34mℹ️  💤 Sleeping for 60s...[0m

----------------------------------------------------------------------
📅 2026-03-03 17:39:54 UTC
----------------------------------------------------------------------

Cannot connect to the Docker daemon at unix:///var/run/docker.sock. Is the docker daemon running?
[1;33m⚠️  Container phi-expenditure-db not running[0m
Cannot connect to the Docker daemon at unix:///var/run/docker.sock. Is the docker daemon running?
[1;33m⚠️  Container phi-expenditure-dashboard not running[0m
[0;34mℹ️  💾 Disk Usage:[0m
[0;34mℹ️     Root: 41% used (71G available)[0m
[0;32m✅    ✅ Disk usage within limits[0m

[0;34mℹ️  📦 Docker Volume Usage:[0m
[0;34mℹ️     No PHI volumes found[0m
[0;34mℹ️  💤 Sleeping for 60s...[0m

----------------------------------------------------------------------
📅 2026-03-03 17:40:54 UTC
----------------------------------------------------------------------

Cannot connect to the Docker daemon at unix:///var/run/docker.sock. Is the docker daemon running?
[1;33m⚠️  Container phi-expenditure-db not running[0m
Cannot connect to the Docker daemon at unix:///var/run/docker.sock. Is the docker daemon running?
[1;33m⚠️  Container phi-expenditure-dashboard not running[0m
[0;34mℹ️  💾 Disk Usage:[0m
[0;34mℹ️     Root: 41% used (71G available)[0m
[0;32m✅    ✅ Disk usage within limits[0m

[0;34mℹ️  📦 Docker Volume Usage:[0m
[0;34mℹ️     No PHI volumes found[0m
[0;34mℹ️  💤 Sleeping for 60s...[0m

----------------------------------------------------------------------
📅 2026-03-03 17:41:54 UTC
----------------------------------------------------------------------

Cannot connect to the Docker daemon at unix:///var/run/docker.sock. Is the docker daemon running?
[1;33m⚠️  Container phi-expenditure-db not running[0m
Cannot connect to the Docker daemon at unix:///var/run/docker.sock. Is the docker daemon running?
[1;33m⚠️  Container phi-expenditure-dashboard not running[0m
[0;34mℹ️  💾 Disk Usage:[0m
[0;34mℹ️     Root: 41% used (71G available)[0m
[0;32m✅    ✅ Disk usage within limits[0m

[0;34mℹ️  📦 Docker Volume Usage:[0m
[0;34mℹ️     No PHI volumes found[0m
[0;34mℹ️  💤 Sleeping for 60s...[0m

----------------------------------------------------------------------
📅 2026-03-03 17:42:54 UTC
----------------------------------------------------------------------

Cannot connect to the Docker daemon at unix:///var/run/docker.sock. Is the docker daemon running?
[1;33m⚠️  Container phi-expenditure-db not running[0m
Cannot connect to the Docker daemon at unix:///var/run/docker.sock. Is the docker daemon running?
[1;33m⚠️  Container phi-expenditure-dashboard not running[0m
[0;34mℹ️  💾 Disk Usage:[0m
[0;34mℹ️     Root: 41% used (71G available)[0m
[0;32m✅    ✅ Disk usage within limits[0m

[0;34mℹ️  📦 Docker Volume Usage:[0m
[0;34mℹ️     No PHI volumes found[0m
[0;34mℹ️  💤 Sleeping for 60s...[0m

----------------------------------------------------------------------
📅 2026-03-03 17:43:54 UTC
----------------------------------------------------------------------

Cannot connect to the Docker daemon at unix:///var/run/docker.sock. Is the docker daemon running?
[1;33m⚠️  Container phi-expenditure-db not running[0m
Cannot connect to the Docker daemon at unix:///var/run/docker.sock. Is the docker daemon running?
[1;33m⚠️  Container phi-expenditure-dashboard not running[0m
[0;34mℹ️  💾 Disk Usage:[0m
[0;34mℹ️     Root: 41% used (71G available)[0m
[0;32m✅    ✅ Disk usage within limits[0m

[0;34mℹ️  📦 Docker Volume Usage:[0m
[0;34mℹ️     No PHI volumes found[0m
[0;34mℹ️  💤 Sleeping for 60s...[0m

----------------------------------------------------------------------
📅 2026-03-03 17:44:54 UTC
----------------------------------------------------------------------

Cannot connect to the Docker daemon at unix:///var/run/docker.sock. Is the docker daemon running?
[1;33m⚠️  Container phi-expenditure-db not running[0m
Cannot connect to the Docker daemon at unix:///var/run/docker.sock. Is the docker daemon running?
[1;33m⚠️  Container phi-expenditure-dashboard not running[0m
[0;34mℹ️  💾 Disk Usage:[0m
[0;34mℹ️     Root: 41% used (71G available)[0m
[0;32m✅    ✅ Disk usage within limits[0m

[0;34mℹ️  📦 Docker Volume Usage:[0m
[0;34mℹ️     No PHI volumes found[0m
[0;34mℹ️  💤 Sleeping for 60s...[0m

----------------------------------------------------------------------
📅 2026-03-03 17:45:54 UTC
----------------------------------------------------------------------

Cannot connect to the Docker daemon at unix:///var/run/docker.sock. Is the docker daemon running?
[1;33m⚠️  Container phi-expenditure-db not running[0m
Cannot connect to the Docker daemon at unix:///var/run/docker.sock. Is the docker daemon running?
[1;33m⚠️  Container phi-expenditure-dashboard not running[0m
[0;34mℹ️  💾 Disk Usage:[0m
[0;34mℹ️     Root: 41% used (71G available)[0m
[0;32m✅    ✅ Disk usage within limits[0m

[0;34mℹ️  📦 Docker Volume Usage:[0m
[0;34mℹ️     No PHI volumes found[0m
[0;34mℹ️  💤 Sleeping for 60s...[0m

----------------------------------------------------------------------
📅 2026-03-03 17:46:54 UTC
----------------------------------------------------------------------

Cannot connect to the Docker daemon at unix:///var/run/docker.sock. Is the docker daemon running?
[1;33m⚠️  Container phi-expenditure-db not running[0m
Cannot connect to the Docker daemon at unix:///var/run/docker.sock. Is the docker daemon running?
[1;33m⚠️  Container phi-expenditure-dashboard not running[0m
[0;34mℹ️  💾 Disk Usage:[0m
[0;34mℹ️     Root: 41% used (71G available)[0m
[0;32m✅    ✅ Disk usage within limits[0m

[0;34mℹ️  📦 Docker Volume Usage:[0m
[0;34mℹ️     No PHI volumes found[0m
[0;34mℹ️  💤 Sleeping for 60s...[0m

----------------------------------------------------------------------
📅 2026-03-03 17:47:55 UTC
----------------------------------------------------------------------

Cannot connect to the Docker daemon at unix:///var/run/docker.sock. Is the docker daemon running?
[1;33m⚠️  Container phi-expenditure-db not running[0m
Cannot connect to the Docker daemon at unix:///var/run/docker.sock. Is the docker daemon running?
[1;33m⚠️  Container phi-expenditure-dashboard not running[0m
[0;34mℹ️  💾 Disk Usage:[0m
[0;34mℹ️     Root: 41% used (71G available)[0m
[0;32m✅    ✅ Disk usage within limits[0m

[0;34mℹ️  📦 Docker Volume Usage:[0m
[0;34mℹ️     No PHI volumes found[0m
[0;34mℹ️  💤 Sleeping for 60s...[0m

----------------------------------------------------------------------
📅 2026-03-03 17:48:55 UTC
----------------------------------------------------------------------

Cannot connect to the Docker daemon at unix:///var/run/docker.sock. Is the docker daemon running?
[1;33m⚠️  Container phi-expenditure-db not running[0m
Cannot connect to the Docker daemon at unix:///var/run/docker.sock. Is the docker daemon running?
[1;33m⚠️  Container phi-expenditure-dashboard not running[0m
[0;34mℹ️  💾 Disk Usage:[0m
[0;34mℹ️     Root: 41% used (71G available)[0m
[0;32m✅    ✅ Disk usage within limits[0m

[0;34mℹ️  📦 Docker Volume Usage:[0m
[0;34mℹ️     No PHI volumes found[0m
[0;34mℹ️  💤 Sleeping for 60s...[0m

----------------------------------------------------------------------
📅 2026-03-03 17:49:55 UTC
----------------------------------------------------------------------

Cannot connect to the Docker daemon at unix:///var/run/docker.sock. Is the docker daemon running?
[1;33m⚠️  Container phi-expenditure-db not running[0m
Cannot connect to the Docker daemon at unix:///var/run/docker.sock. Is the docker daemon running?
[1;33m⚠️  Container phi-expenditure-dashboard not running[0m
[0;34mℹ️  💾 Disk Usage:[0m
[0;34mℹ️     Root: 41% used (71G available)[0m
[0;32m✅    ✅ Disk usage within limits[0m

[0;34mℹ️  📦 Docker Volume Usage:[0m
[0;34mℹ️     No PHI volumes found[0m
[0;34mℹ️  💤 Sleeping for 60s...[0m

----------------------------------------------------------------------
📅 2026-03-03 17:50:55 UTC
----------------------------------------------------------------------

Cannot connect to the Docker daemon at unix:///var/run/docker.sock. Is the docker daemon running?
[1;33m⚠️  Container phi-expenditure-db not running[0m
Cannot connect to the Docker daemon at unix:///var/run/docker.sock. Is the docker daemon running?
[1;33m⚠️  Container phi-expenditure-dashboard not running[0m
[0;34mℹ️  💾 Disk Usage:[0m
[0;34mℹ️     Root: 41% used (71G available)[0m
[0;32m✅    ✅ Disk usage within limits[0m

[0;34mℹ️  📦 Docker Volume Usage:[0m
[0;34mℹ️     No PHI volumes found[0m
[0;34mℹ️  💤 Sleeping for 60s...[0m

----------------------------------------------------------------------
📅 2026-03-03 17:51:55 UTC
----------------------------------------------------------------------

Cannot connect to the Docker daemon at unix:///var/run/docker.sock. Is the docker daemon running?
[1;33m⚠️  Container phi-expenditure-db not running[0m
Cannot connect to the Docker daemon at unix:///var/run/docker.sock. Is the docker daemon running?
[1;33m⚠️  Container phi-expenditure-dashboard not running[0m
[0;34mℹ️  💾 Disk Usage:[0m
[0;34mℹ️     Root: 41% used (71G available)[0m
[0;32m✅    ✅ Disk usage within limits[0m

[0;34mℹ️  📦 Docker Volume Usage:[0m
[0;34mℹ️     No PHI volumes found[0m
[0;34mℹ️  💤 Sleeping for 60s...[0m

----------------------------------------------------------------------
📅 2026-03-03 17:52:55 UTC
----------------------------------------------------------------------

Cannot connect to the Docker daemon at unix:///var/run/docker.sock. Is the docker daemon running?
[1;33m⚠️  Container phi-expenditure-db not running[0m
Cannot connect to the Docker daemon at unix:///var/run/docker.sock. Is the docker daemon running?
[1;33m⚠️  Container phi-expenditure-dashboard not running[0m
[0;34mℹ️  💾 Disk Usage:[0m
[0;34mℹ️     Root: 41% used (71G available)[0m
[0;32m✅    ✅ Disk usage within limits[0m

[0;34mℹ️  📦 Docker Volume Usage:[0m
[0;34mℹ️     No PHI volumes found[0m
[0;34mℹ️  💤 Sleeping for 60s...[0m

----------------------------------------------------------------------
📅 2026-03-03 17:53:55 UTC
----------------------------------------------------------------------

Cannot connect to the Docker daemon at unix:///var/run/docker.sock. Is the docker daemon running?
[1;33m⚠️  Container phi-expenditure-db not running[0m
Cannot connect to the Docker daemon at unix:///var/run/docker.sock. Is the docker daemon running?
[1;33m⚠️  Container phi-expenditure-dashboard not running[0m
[0;34mℹ️  💾 Disk Usage:[0m
[0;34mℹ️     Root: 41% used (71G available)[0m
[0;32m✅    ✅ Disk usage within limits[0m

[0;34mℹ️  📦 Docker Volume Usage:[0m
[0;34mℹ️     No PHI volumes found[0m
[0;34mℹ️  💤 Sleeping for 60s...[0m

----------------------------------------------------------------------
📅 2026-03-03 17:54:55 UTC
----------------------------------------------------------------------

Cannot connect to the Docker daemon at unix:///var/run/docker.sock. Is the docker daemon running?
[1;33m⚠️  Container phi-expenditure-db not running[0m
Cannot connect to the Docker daemon at unix:///var/run/docker.sock. Is the docker daemon running?
[1;33m⚠️  Container phi-expenditure-dashboard not running[0m
[0;34mℹ️  💾 Disk Usage:[0m
[0;34mℹ️     Root: 41% used (71G available)[0m
[0;32m✅    ✅ Disk usage within limits[0m

[0;34mℹ️  📦 Docker Volume Usage:[0m
[0;34mℹ️     No PHI volumes found[0m
[0;34mℹ️  💤 Sleeping for 60s...[0m

----------------------------------------------------------------------
📅 2026-03-03 17:55:55 UTC
----------------------------------------------------------------------

Cannot connect to the Docker daemon at unix:///var/run/docker.sock. Is the docker daemon running?
[1;33m⚠️  Container phi-expenditure-db not running[0m
Cannot connect to the Docker daemon at unix:///var/run/docker.sock. Is the docker daemon running?
[1;33m⚠️  Container phi-expenditure-dashboard not running[0m
[0;34mℹ️  💾 Disk Usage:[0m
[0;34mℹ️     Root: 41% used (71G available)[0m
[0;32m✅    ✅ Disk usage within limits[0m

[0;34mℹ️  📦 Docker Volume Usage:[0m
[0;34mℹ️     No PHI volumes found[0m
[0;34mℹ️  💤 Sleeping for 60s...[0m

----------------------------------------------------------------------
📅 2026-03-03 17:56:55 UTC
----------------------------------------------------------------------

Cannot connect to the Docker daemon at unix:///var/run/docker.sock. Is the docker daemon running?
[1;33m⚠️  Container phi-expenditure-db not running[0m
Cannot connect to the Docker daemon at unix:///var/run/docker.sock. Is the docker daemon running?
[1;33m⚠️  Container phi-expenditure-dashboard not running[0m
[0;34mℹ️  💾 Disk Usage:[0m
[0;34mℹ️     Root: 41% used (71G available)[0m
[0;32m✅    ✅ Disk usage within limits[0m

[0;34mℹ️  📦 Docker Volume Usage:[0m
[0;34mℹ️     No PHI volumes found[0m
[0;34mℹ️  💤 Sleeping for 60s...[0m

----------------------------------------------------------------------
📅 2026-03-03 17:57:55 UTC
----------------------------------------------------------------------

Cannot connect to the Docker daemon at unix:///var/run/docker.sock. Is the docker daemon running?
[1;33m⚠️  Container phi-expenditure-db not running[0m
Cannot connect to the Docker daemon at unix:///var/run/docker.sock. Is the docker daemon running?
[1;33m⚠️  Container phi-expenditure-dashboard not running[0m
[0;34mℹ️  💾 Disk Usage:[0m
[0;34mℹ️     Root: 41% used (71G available)[0m
[0;32m✅    ✅ Disk usage within limits[0m

[0;34mℹ️  📦 Docker Volume Usage:[0m
[0;34mℹ️     No PHI volumes found[0m
[0;34mℹ️  💤 Sleeping for 60s...[0m

----------------------------------------------------------------------
📅 2026-03-03 17:58:55 UTC
----------------------------------------------------------------------

Cannot connect to the Docker daemon at unix:///var/run/docker.sock. Is the docker daemon running?
[1;33m⚠️  Container phi-expenditure-db not running[0m
Cannot connect to the Docker daemon at unix:///var/run/docker.sock. Is the docker daemon running?
[1;33m⚠️  Container phi-expenditure-dashboard not running[0m
[0;34mℹ️  💾 Disk Usage:[0m
[0;34mℹ️     Root: 41% used (71G available)[0m
[0;32m✅    ✅ Disk usage within limits[0m

[0;34mℹ️  📦 Docker Volume Usage:[0m
[0;34mℹ️     No PHI volumes found[0m
[0;34mℹ️  💤 Sleeping for 60s...[0m

----------------------------------------------------------------------
📅 2026-03-03 17:59:55 UTC
----------------------------------------------------------------------

Cannot connect to the Docker daemon at unix:///var/run/docker.sock. Is the docker daemon running?
[1;33m⚠️  Container phi-expenditure-db not running[0m
Cannot connect to the Docker daemon at unix:///var/run/docker.sock. Is the docker daemon running?
[1;33m⚠️  Container phi-expenditure-dashboard not running[0m
[0;34mℹ️  💾 Disk Usage:[0m
[0;34mℹ️     Root: 41% used (71G available)[0m
[0;32m✅    ✅ Disk usage within limits[0m

[0;34mℹ️  📦 Docker Volume Usage:[0m
[0;34mℹ️     No PHI volumes found[0m
[0;34mℹ️  💤 Sleeping for 60s...[0m

----------------------------------------------------------------------
📅 2026-03-03 18:00:55 UTC
----------------------------------------------------------------------

Cannot connect to the Docker daemon at unix:///var/run/docker.sock. Is the docker daemon running?
[1;33m⚠️  Container phi-expenditure-db not running[0m
Cannot connect to the Docker daemon at unix:///var/run/docker.sock. Is the docker daemon running?
[1;33m⚠️  Container phi-expenditure-dashboard not running[0m
[0;34mℹ️  💾 Disk Usage:[0m
[0;34mℹ️     Root: 41% used (71G available)[0m
[0;32m✅    ✅ Disk usage within limits[0m

[0;34mℹ️  📦 Docker Volume Usage:[0m
[0;34mℹ️     No PHI volumes found[0m
[0;34mℹ️  💤 Sleeping for 60s...[0m

----------------------------------------------------------------------
📅 2026-03-03 18:01:55 UTC
----------------------------------------------------------------------

Cannot connect to the Docker daemon at unix:///var/run/docker.sock. Is the docker daemon running?
[1;33m⚠️  Container phi-expenditure-db not running[0m
Cannot connect to the Docker daemon at unix:///var/run/docker.sock. Is the docker daemon running?
[1;33m⚠️  Container phi-expenditure-dashboard not running[0m
[0;34mℹ️  💾 Disk Usage:[0m
[0;34mℹ️     Root: 41% used (71G available)[0m
[0;32m✅    ✅ Disk usage within limits[0m

[0;34mℹ️  📦 Docker Volume Usage:[0m
[0;34mℹ️     No PHI volumes found[0m
[0;34mℹ️  💤 Sleeping for 60s...[0m

----------------------------------------------------------------------
📅 2026-03-03 18:02:55 UTC
----------------------------------------------------------------------

Cannot connect to the Docker daemon at unix:///var/run/docker.sock. Is the docker daemon running?
[1;33m⚠️  Container phi-expenditure-db not running[0m
Cannot connect to the Docker daemon at unix:///var/run/docker.sock. Is the docker daemon running?
[1;33m⚠️  Container phi-expenditure-dashboard not running[0m
[0;34mℹ️  💾 Disk Usage:[0m
[0;34mℹ️     Root: 41% used (71G available)[0m
[0;32m✅    ✅ Disk usage within limits[0m

[0;34mℹ️  📦 Docker Volume Usage:[0m
[0;34mℹ️     No PHI volumes found[0m
[0;34mℹ️  💤 Sleeping for 60s...[0m

----------------------------------------------------------------------
📅 2026-03-03 18:03:55 UTC
----------------------------------------------------------------------

Cannot connect to the Docker daemon at unix:///var/run/docker.sock. Is the docker daemon running?
[1;33m⚠️  Container phi-expenditure-db not running[0m
Cannot connect to the Docker daemon at unix:///var/run/docker.sock. Is the docker daemon running?
[1;33m⚠️  Container phi-expenditure-dashboard not running[0m
[0;34mℹ️  💾 Disk Usage:[0m
[0;34mℹ️     Root: 41% used (71G available)[0m
[0;32m✅    ✅ Disk usage within limits[0m

[0;34mℹ️  📦 Docker Volume Usage:[0m
[0;34mℹ️     No PHI volumes found[0m
[0;34mℹ️  💤 Sleeping for 60s...[0m

----------------------------------------------------------------------
📅 2026-03-03 18:04:55 UTC
----------------------------------------------------------------------

Cannot connect to the Docker daemon at unix:///var/run/docker.sock. Is the docker daemon running?
[1;33m⚠️  Container phi-expenditure-db not running[0m
Cannot connect to the Docker daemon at unix:///var/run/docker.sock. Is the docker daemon running?
[1;33m⚠️  Container phi-expenditure-dashboard not running[0m
[0;34mℹ️  💾 Disk Usage:[0m
[0;34mℹ️     Root: 41% used (71G available)[0m
[0;32m✅    ✅ Disk usage within limits[0m

[0;34mℹ️  📦 Docker Volume Usage:[0m
[0;34mℹ️     No PHI volumes found[0m
[0;34mℹ️  💤 Sleeping for 60s...[0m

----------------------------------------------------------------------
📅 2026-03-03 18:05:55 UTC
----------------------------------------------------------------------

Cannot connect to the Docker daemon at unix:///var/run/docker.sock. Is the docker daemon running?
[1;33m⚠️  Container phi-expenditure-db not running[0m
Cannot connect to the Docker daemon at unix:///var/run/docker.sock. Is the docker daemon running?
[1;33m⚠️  Container phi-expenditure-dashboard not running[0m
[0;34mℹ️  💾 Disk Usage:[0m
[0;34mℹ️     Root: 41% used (71G available)[0m
[0;32m✅    ✅ Disk usage within limits[0m

[0;34mℹ️  📦 Docker Volume Usage:[0m
[0;34mℹ️     No PHI volumes found[0m
[0;34mℹ️  💤 Sleeping for 60s...[0m

----------------------------------------------------------------------
📅 2026-03-03 18:06:56 UTC
----------------------------------------------------------------------

Cannot connect to the Docker daemon at unix:///var/run/docker.sock. Is the docker daemon running?
[1;33m⚠️  Container phi-expenditure-db not running[0m
Cannot connect to the Docker daemon at unix:///var/run/docker.sock. Is the docker daemon running?
[1;33m⚠️  Container phi-expenditure-dashboard not running[0m
[0;34mℹ️  💾 Disk Usage:[0m
[0;34mℹ️     Root: 41% used (71G available)[0m
[0;32m✅    ✅ Disk usage within limits[0m

[0;34mℹ️  📦 Docker Volume Usage:[0m
[0;34mℹ️     No PHI volumes found[0m
[0;34mℹ️  💤 Sleeping for 60s...[0m

----------------------------------------------------------------------
📅 2026-03-03 18:07:56 UTC
----------------------------------------------------------------------

Cannot connect to the Docker daemon at unix:///var/run/docker.sock. Is the docker daemon running?
[1;33m⚠️  Container phi-expenditure-db not running[0m
Cannot connect to the Docker daemon at unix:///var/run/docker.sock. Is the docker daemon running?
[1;33m⚠️  Container phi-expenditure-dashboard not running[0m
[0;34mℹ️  💾 Disk Usage:[0m
[0;34mℹ️     Root: 41% used (71G available)[0m
[0;32m✅    ✅ Disk usage within limits[0m

[0;34mℹ️  📦 Docker Volume Usage:[0m
[0;34mℹ️     No PHI volumes found[0m
[0;34mℹ️  💤 Sleeping for 60s...[0m

----------------------------------------------------------------------
📅 2026-03-03 18:08:56 UTC
----------------------------------------------------------------------

Cannot connect to the Docker daemon at unix:///var/run/docker.sock. Is the docker daemon running?
[1;33m⚠️  Container phi-expenditure-db not running[0m
Cannot connect to the Docker daemon at unix:///var/run/docker.sock. Is the docker daemon running?
[1;33m⚠️  Container phi-expenditure-dashboard not running[0m
[0;34mℹ️  💾 Disk Usage:[0m
[0;34mℹ️     Root: 41% used (71G available)[0m
[0;32m✅    ✅ Disk usage within limits[0m

[0;34mℹ️  📦 Docker Volume Usage:[0m
[0;34mℹ️     No PHI volumes found[0m
[0;34mℹ️  💤 Sleeping for 60s...[0m

----------------------------------------------------------------------
📅 2026-03-03 18:09:56 UTC
----------------------------------------------------------------------

Cannot connect to the Docker daemon at unix:///var/run/docker.sock. Is the docker daemon running?
[1;33m⚠️  Container phi-expenditure-db not running[0m
Cannot connect to the Docker daemon at unix:///var/run/docker.sock. Is the docker daemon running?
[1;33m⚠️  Container phi-expenditure-dashboard not running[0m
[0;34mℹ️  💾 Disk Usage:[0m
[0;34mℹ️     Root: 41% used (71G available)[0m
[0;32m✅    ✅ Disk usage within limits[0m

[0;34mℹ️  📦 Docker Volume Usage:[0m
[0;34mℹ️     No PHI volumes found[0m
[0;34mℹ️  💤 Sleeping for 60s...[0m

----------------------------------------------------------------------
📅 2026-03-03 18:10:56 UTC
----------------------------------------------------------------------

Cannot connect to the Docker daemon at unix:///var/run/docker.sock. Is the docker daemon running?
[1;33m⚠️  Container phi-expenditure-db not running[0m
Cannot connect to the Docker daemon at unix:///var/run/docker.sock. Is the docker daemon running?
[1;33m⚠️  Container phi-expenditure-dashboard not running[0m
[0;34mℹ️  💾 Disk Usage:[0m
[0;34mℹ️     Root: 41% used (71G available)[0m
[0;32m✅    ✅ Disk usage within limits[0m

[0;34mℹ️  📦 Docker Volume Usage:[0m
[0;34mℹ️     No PHI volumes found[0m
[0;34mℹ️  💤 Sleeping for 60s...[0m

----------------------------------------------------------------------
📅 2026-03-03 18:11:56 UTC
----------------------------------------------------------------------

Cannot connect to the Docker daemon at unix:///var/run/docker.sock. Is the docker daemon running?
[1;33m⚠️  Container phi-expenditure-db not running[0m
Cannot connect to the Docker daemon at unix:///var/run/docker.sock. Is the docker daemon running?
[1;33m⚠️  Container phi-expenditure-dashboard not running[0m
[0;34mℹ️  💾 Disk Usage:[0m
[0;34mℹ️     Root: 41% used (71G available)[0m
[0;32m✅    ✅ Disk usage within limits[0m

[0;34mℹ️  📦 Docker Volume Usage:[0m
[0;34mℹ️     No PHI volumes found[0m
[0;34mℹ️  💤 Sleeping for 60s...[0m

----------------------------------------------------------------------
📅 2026-03-03 18:12:56 UTC
----------------------------------------------------------------------

Cannot connect to the Docker daemon at unix:///var/run/docker.sock. Is the docker daemon running?
[1;33m⚠️  Container phi-expenditure-db not running[0m
Cannot connect to the Docker daemon at unix:///var/run/docker.sock. Is the docker daemon running?
[1;33m⚠️  Container phi-expenditure-dashboard not running[0m
[0;34mℹ️  💾 Disk Usage:[0m
[0;34mℹ️     Root: 41% used (71G available)[0m
[0;32m✅    ✅ Disk usage within limits[0m

[0;34mℹ️  📦 Docker Volume Usage:[0m
[0;34mℹ️     No PHI volumes found[0m
[0;34mℹ️  💤 Sleeping for 60s...[0m

----------------------------------------------------------------------
📅 2026-03-03 18:13:56 UTC
----------------------------------------------------------------------

Cannot connect to the Docker daemon at unix:///var/run/docker.sock. Is the docker daemon running?
[1;33m⚠️  Container phi-expenditure-db not running[0m
Cannot connect to the Docker daemon at unix:///var/run/docker.sock. Is the docker daemon running?
[1;33m⚠️  Container phi-expenditure-dashboard not running[0m
[0;34mℹ️  💾 Disk Usage:[0m
[0;34mℹ️     Root: 41% used (71G available)[0m
[0;32m✅    ✅ Disk usage within limits[0m

[0;34mℹ️  📦 Docker Volume Usage:[0m
[0;34mℹ️     No PHI volumes found[0m
[0;34mℹ️  💤 Sleeping for 60s...[0m

----------------------------------------------------------------------
📅 2026-03-03 18:14:56 UTC
----------------------------------------------------------------------

Cannot connect to the Docker daemon at unix:///var/run/docker.sock. Is the docker daemon running?
[1;33m⚠️  Container phi-expenditure-db not running[0m
Cannot connect to the Docker daemon at unix:///var/run/docker.sock. Is the docker daemon running?
[1;33m⚠️  Container phi-expenditure-dashboard not running[0m
[0;34mℹ️  💾 Disk Usage:[0m
[0;34mℹ️     Root: 41% used (71G available)[0m
[0;32m✅    ✅ Disk usage within limits[0m

[0;34mℹ️  📦 Docker Volume Usage:[0m
[0;34mℹ️     No PHI volumes found[0m
[0;34mℹ️  💤 Sleeping for 60s...[0m

----------------------------------------------------------------------
📅 2026-03-03 18:15:56 UTC
----------------------------------------------------------------------

Cannot connect to the Docker daemon at unix:///var/run/docker.sock. Is the docker daemon running?
[1;33m⚠️  Container phi-expenditure-db not running[0m
Cannot connect to the Docker daemon at unix:///var/run/docker.sock. Is the docker daemon running?
[1;33m⚠️  Container phi-expenditure-dashboard not running[0m
[0;34mℹ️  💾 Disk Usage:[0m
[0;34mℹ️     Root: 41% used (71G available)[0m
[0;32m✅    ✅ Disk usage within limits[0m

[0;34mℹ️  📦 Docker Volume Usage:[0m
[0;34mℹ️     No PHI volumes found[0m
[0;34mℹ️  💤 Sleeping for 60s...[0m

----------------------------------------------------------------------
📅 2026-03-03 18:16:56 UTC
----------------------------------------------------------------------

Cannot connect to the Docker daemon at unix:///var/run/docker.sock. Is the docker daemon running?
[1;33m⚠️  Container phi-expenditure-db not running[0m
Cannot connect to the Docker daemon at unix:///var/run/docker.sock. Is the docker daemon running?
[1;33m⚠️  Container phi-expenditure-dashboard not running[0m
[0;34mℹ️  💾 Disk Usage:[0m
[0;34mℹ️     Root: 41% used (71G available)[0m
[0;32m✅    ✅ Disk usage within limits[0m

[0;34mℹ️  📦 Docker Volume Usage:[0m
[0;34mℹ️     No PHI volumes found[0m
[0;34mℹ️  💤 Sleeping for 60s...[0m

----------------------------------------------------------------------
📅 2026-03-03 18:17:56 UTC
----------------------------------------------------------------------

Cannot connect to the Docker daemon at unix:///var/run/docker.sock. Is the docker daemon running?
[1;33m⚠️  Container phi-expenditure-db not running[0m
Cannot connect to the Docker daemon at unix:///var/run/docker.sock. Is the docker daemon running?
[1;33m⚠️  Container phi-expenditure-dashboard not running[0m
[0;34mℹ️  💾 Disk Usage:[0m
[0;34mℹ️     Root: 41% used (71G available)[0m
[0;32m✅    ✅ Disk usage within limits[0m

[0;34mℹ️  📦 Docker Volume Usage:[0m
[0;34mℹ️     No PHI volumes found[0m
[0;34mℹ️  💤 Sleeping for 60s...[0m

----------------------------------------------------------------------
📅 2026-03-03 18:18:56 UTC
----------------------------------------------------------------------

Cannot connect to the Docker daemon at unix:///var/run/docker.sock. Is the docker daemon running?
[1;33m⚠️  Container phi-expenditure-db not running[0m
Cannot connect to the Docker daemon at unix:///var/run/docker.sock. Is the docker daemon running?
[1;33m⚠️  Container phi-expenditure-dashboard not running[0m
[0;34mℹ️  💾 Disk Usage:[0m
[0;34mℹ️     Root: 41% used (71G available)[0m
[0;32m✅    ✅ Disk usage within limits[0m

[0;34mℹ️  📦 Docker Volume Usage:[0m
[0;34mℹ️     No PHI volumes found[0m
[0;34mℹ️  💤 Sleeping for 60s...[0m

----------------------------------------------------------------------
📅 2026-03-03 18:19:56 UTC
----------------------------------------------------------------------

Cannot connect to the Docker daemon at unix:///var/run/docker.sock. Is the docker daemon running?
[1;33m⚠️  Container phi-expenditure-db not running[0m
Cannot connect to the Docker daemon at unix:///var/run/docker.sock. Is the docker daemon running?
[1;33m⚠️  Container phi-expenditure-dashboard not running[0m
[0;34mℹ️  💾 Disk Usage:[0m
[0;34mℹ️     Root: 41% used (71G available)[0m
[0;32m✅    ✅ Disk usage within limits[0m

[0;34mℹ️  📦 Docker Volume Usage:[0m
[0;34mℹ️     No PHI volumes found[0m
[0;34mℹ️  💤 Sleeping for 60s...[0m

----------------------------------------------------------------------
📅 2026-03-03 18:20:56 UTC
----------------------------------------------------------------------

Cannot connect to the Docker daemon at unix:///var/run/docker.sock. Is the docker daemon running?
[1;33m⚠️  Container phi-expenditure-db not running[0m
Cannot connect to the Docker daemon at unix:///var/run/docker.sock. Is the docker daemon running?
[1;33m⚠️  Container phi-expenditure-dashboard not running[0m
[0;34mℹ️  💾 Disk Usage:[0m
[0;34mℹ️     Root: 41% used (71G available)[0m
[0;32m✅    ✅ Disk usage within limits[0m

[0;34mℹ️  📦 Docker Volume Usage:[0m
[0;34mℹ️     No PHI volumes found[0m
[0;34mℹ️  💤 Sleeping for 60s...[0m

----------------------------------------------------------------------
📅 2026-03-03 18:21:56 UTC
----------------------------------------------------------------------

Cannot connect to the Docker daemon at unix:///var/run/docker.sock. Is the docker daemon running?
[1;33m⚠️  Container phi-expenditure-db not running[0m
Cannot connect to the Docker daemon at unix:///var/run/docker.sock. Is the docker daemon running?
[1;33m⚠️  Container phi-expenditure-dashboard not running[0m
[0;34mℹ️  💾 Disk Usage:[0m
[0;34mℹ️     Root: 41% used (71G available)[0m
[0;32m✅    ✅ Disk usage within limits[0m

[0;34mℹ️  📦 Docker Volume Usage:[0m
[0;34mℹ️     No PHI volumes found[0m
[0;34mℹ️  💤 Sleeping for 60s...[0m

----------------------------------------------------------------------
📅 2026-03-03 18:22:56 UTC
----------------------------------------------------------------------

Cannot connect to the Docker daemon at unix:///var/run/docker.sock. Is the docker daemon running?
[1;33m⚠️  Container phi-expenditure-db not running[0m
Cannot connect to the Docker daemon at unix:///var/run/docker.sock. Is the docker daemon running?
[1;33m⚠️  Container phi-expenditure-dashboard not running[0m
[0;34mℹ️  💾 Disk Usage:[0m
[0;34mℹ️     Root: 41% used (71G available)[0m
[0;32m✅    ✅ Disk usage within limits[0m

[0;34mℹ️  📦 Docker Volume Usage:[0m
[0;34mℹ️     No PHI volumes found[0m
[0;34mℹ️  💤 Sleeping for 60s...[0m
