2026-03-03 16:54:50 UTC [SOVEREIGN] [0;35mACTIVATING ALL SOVEREIGN SYSTEMS...[0m
2026-03-03 16:54:50 UTC [INFO] Starting cost_optimization...
2026-03-03 16:54:52 UTC [SUCCESS] [0;32m✓ cost_optimization started (PID: 368867)[0m
2026-03-03 16:54:52 UTC [INFO] ✓ multi_repo_sync already running
2026-03-03 16:54:52 UTC [INFO] Starting resource_monitor...
2026-03-03 16:54:54 UTC [SUCCESS] [0;32m✓ resource_monitor started (PID: 369061)[0m
2026-03-03 16:54:54 UTC [INFO] Starting performance_monitor...
2026-03-03 16:54:56 UTC [SUCCESS] [0;32m✓ performance_monitor started (PID: 369245)[0m
2026-03-03 16:54:56 UTC [INFO] ✓ keepalive already running
2026-03-03 16:54:56 UTC [INFO] Starting local Dominion Dashboard...
2026-03-03 16:54:59 UTC [SUCCESS] [0;32m✓ Local dashboard started (PID: 369441)[0m
2026-03-03 16:54:59 UTC [INFO] Dashboard available at: http://localhost:8080
2026-03-03 16:54:59 UTC [INFO] Health check: http://localhost:8080/health
2026-03-03 16:54:59 UTC [SUCCESS] [0;32m✓ ALL SYSTEMS ACTIVATED SUCCESSFULLY[0m
2026-03-03 16:54:59 UTC [SOVEREIGN] [0;35m═══════════════════════════════════════════════════════[0m
2026-03-03 16:54:59 UTC [SOVEREIGN] [0;35mPHI SOVEREIGN AUTOPILOT - STATUS REPORT[0m
2026-03-03 16:54:59 UTC [SOVEREIGN] [0;35m═══════════════════════════════════════════════════════[0m
2026-03-03 16:54:59 UTC [SOVEREIGN] [0;35m═══════════════════════════════════════════════════════[0m
2026-03-03 16:56:28 UTC [SOVEREIGN] [0;35m═══════════════════════════════════════════════════════[0m
2026-03-03 16:56:28 UTC [SOVEREIGN] [0;35mPHI SOVEREIGN AUTOPILOT - STATUS REPORT[0m
2026-03-03 16:56:28 UTC [SOVEREIGN] [0;35m═══════════════════════════════════════════════════════[0m
2026-03-03 16:56:28 UTC [SOVEREIGN] [0;35m═══════════════════════════════════════════════════════[0m
2026-03-03 16:59:53 UTC [SOVEREIGN] [0;35m═══════════════════════════════════════════════════════[0m
2026-03-03 16:59:53 UTC [SOVEREIGN] [0;35mPHI SOVEREIGN AUTOPILOT - STATUS REPORT[0m
2026-03-03 16:59:53 UTC [SOVEREIGN] [0;35m═══════════════════════════════════════════════════════[0m
2026-03-03 16:59:53 UTC [SOVEREIGN] [0;35m═══════════════════════════════════════════════════════[0m
2026-03-03 17:06:09 UTC [SOVEREIGN] [0;35m═══════════════════════════════════════════════════════[0m
2026-03-03 17:06:09 UTC [SOVEREIGN] [0;35mPHI SOVEREIGN AUTOPILOT - STATUS REPORT[0m
2026-03-03 17:06:09 UTC [SOVEREIGN] [0;35m═══════════════════════════════════════════════════════[0m
2026-03-03 17:06:09 UTC [SOVEREIGN] [0;35m═══════════════════════════════════════════════════════[0m
